2026-03-27 17:16:08,332 - INFO - 🚀 KB라이프 API 분석 시작
2026-03-27 17:16:08,332 - INFO - 📄 페이지 분석 시작: https://www.kblife.co.kr/insurance-product/productDetails.do?linkCd=ON_PD_KC_01&productType=5
2026-03-27 17:16:26,912 - INFO - 🚀 KB라이프 API 분석 시작
2026-03-27 17:16:26,913 - INFO - 📄 페이지 분석 시작: https://www.kblife.co.kr/insurance-product/productDetails.do?linkCd=ON_PD_KC_01&productType=5
2026-03-27 17:16:27,656 - INFO - 🔍 관심 API 발견: GET https://www.kblife.co.kr/insurance-product/productDetails.do?linkCd=ON_PD_KC_01&productType=5
2026-03-27 17:16:27,975 - INFO - 🔍 관심 API 발견: GET https://www.kblife.co.kr/res/pc/js/insurance-product/productNoticePop.js
2026-03-27 17:16:27,981 - INFO - 🔍 관심 API 발견: GET https://www.kblife.co.kr/res/pc/js/info-notice.js
2026-03-27 17:16:27,981 - INFO - 🔍 관심 API 발견: GET https://www.kblife.co.kr/res/pc/js/insurance-product/productDetail.js
2026-03-27 17:16:28,051 - INFO - 🔍 관심 API 발견: GET https://www.kblife.co.kr/res/pc/css/dpa-detail.css
2026-03-27 17:16:28,464 - INFO - 🔍 관심 API 발견: GET https://www.kblife.co.kr/res/pc/img/product/img-prod-visual-00.png
2026-03-27 17:16:28,464 - INFO - 🔍 관심 API 발견: GET https://www.kblife.co.kr/res/pc/img/insurance-product/ico-product-info-txt1.png
2026-03-27 17:16:28,465 - INFO - 🔍 관심 API 발견: GET https://www.kblife.co.kr/res/pc/img/product/gender_man_off.png
2026-03-27 17:16:28,465 - INFO - 🔍 관심 API 발견: GET https://www.kblife.co.kr/res/pc/img/product/gender_woman_off.png
2026-03-27 17:16:28,466 - INFO - 🔍 관심 API 발견: GET https://www.kblife.co.kr/res/pc/img/product/btn_chatting_v2_1.png
2026-03-27 17:16:28,466 - INFO - 🔍 관심 API 발견: GET https://www.kblife.co.kr/res/pc/img/product/btn_chatting_v2_2.png
2026-03-27 17:16:28,741 - INFO - 🔍 관심 API 발견: POST https://www.kblife.co.kr/m/insurance-product/searchProduct.do
2026-03-27 17:16:28,942 - INFO - 🔍 관심 API 발견: GET https://www.kblife.co.kr/api/product/product-link/ON_PD_KC_01
2026-03-27 17:16:28,945 - INFO - 🔍 관심 API 발견: GET https://bc.ad.daum.net/bc?d=%7B%22track_id%22%3A%227380488690011423282%22%2C%22event_code%22%3A%22PageView%22%2C%22params%22%3A%7B%22tag%22%3A%22KBlife_2023%22%7D%2C%22props%22%3A%7B%22lmt%22%3A%22N%22%7D%2C%22site%22%3A%7B%22identifier%22%3A%22www.kblife.co.kr%22%7D%2C%22sdk%22%3A%7B%22type%22%3A%22WEB%22%2C%22version%22%3A%221.6.4%22%2C%22tpc%22%3A%22Y%22%7D%2C%22page%22%3A%7B%22url%22%3A%22https%3A%2F%2Fwww.kblife.co.kr%2Finsurance-product%2FproductDetails.do%3FlinkCd%3DON_PD_KC_01%26productType%3D5%22%2C%22is_frame_env%22%3Afalse%7D%2C%22device%22%3A%7B%22dnt%22%3A%22N%22%2C%22device_type%22%3A%22pc%22%2C%22is_mobile%22%3A%22N%22%2C%22browser%22%3A%22Chromium%22%2C%22browser_version%22%3A%22145.0.7632.6%22%2C%22os%22%3A%22Windows%22%2C%22os_version%22%3A%2210.0%22%7D%7D
2026-03-27 17:16:28,948 - INFO - 📋 API 응답 데이터: {
  "kbl_productList": [
    {
      "SPCF_STMT": "",
      "CTGR_CD": "05",
      "SCR_EPOS_RANK": "70",
      "PROD_LNK_CD": "ON_PD_YG_01",
      "PTN": "2222",
      "PROD_KND": "INS03",
      "PROD_CD": "337600104",
      "AMT_VIEW_YN": "Y",
      "TTL_SALE_CHNL": "1004",
      "KWD": "",
      "ID": "501615944",
      "CMM_LGC": "",
      "ANNT_YN": "",
      "FUND_YN": "",
      "CORP_TP_CD": "3",
      "CTGR_NM": "온라인",
      "SPCF": "",
      "MAIN_EPOS_MOB_DTL_URL": "/mobile-view/produc...
2026-03-27 17:16:29,026 - INFO - 🔍 관심 API 발견: GET https://www.kblife.co.kr/api/product/product-details/501615946
2026-03-27 17:16:29,026 - INFO - 📋 API 응답 데이터: 501615946...
2026-03-27 17:16:29,075 - INFO - 🔍 관심 API 발견: GET https://wan.kbdmp.com/provider?client_id=WA-0014&isCookie=true&page_location=https%3A%2F%2Fwww.kblife.co.kr%2Finsurance-product%2FproductDetails.do%3FlinkCd%3DON_PD_KC_01%26productType%3D5&page_referrer=&session_id=%7C1774599389072&session_start=1774599389072&language=ko&country=KR&page_title=KB%20%EC%B0%A9%ED%95%9C%EC%95%94%EB%B3%B4%ED%97%98%20%EB%AC%B4%EB%B0%B0%EB%8B%B9&screen_resolution=1920X1080&_m_uid=&user_attribute=%7B%7D&event_type=page_view&event_category=&event_label=&search_term=&_oaid=&event_attribute=%7B%7D
2026-03-27 17:16:29,153 - INFO - 🔍 관심 API 발견: GET https://www.kblife.co.kr/contents/channel/product/image/pc_product_top_230307_20260323090158.png
2026-03-27 17:16:29,153 - INFO - 🔍 관심 API 발견: GET https://www.kblife.co.kr/res/pc/img/product/prd_chk_icn_2.png
2026-03-27 17:16:29,154 - INFO - 🔍 관심 API 발견: GET https://www.kblife.co.kr/res/pc/img/product/ico-bg.png
2026-03-27 17:16:29,154 - INFO - 🔍 관심 API 발견: GET https://www.kblife.co.kr/res/pc/img/product/icon/prd_online_cs_icn_4.png
2026-03-27 17:16:29,160 - INFO - 📋 API 응답 데이터: {
  "id": "501615946",
  "entityVersion": 111,
  "productCode": "316100104",
  "productName": "KB 착한암보험 무배당",
  "productKind": "INS03",
  "amtViewYn": "Y",
  "categoryCode": "05",
  "categoryName": "건강보험",
  "channel": "1004",
  "spcf": "언제 닥칠지 모르는 암 진단<br>\r\n걱정보다 준비가 답입니다",
  "spcfMobile": "언제 닥칠지 모르는 암 진단<br>\r\n걱정보다 준비가 답입니다",
  "homepageNoticeYn": "Y",
  "productGuidanceExplain": null,
  "productImageUrl": null,
  "productIntroduceContent": "<style type=\"text/css\">.dp-fl{display: flex;ali...
2026-03-27 17:16:29,184 - INFO - 🔍 관심 API 발견: GET https://www.kblife.co.kr/m/insurance-product/searchProductType02.do?sorting=SCR_EPOS_RANK&productType=5&
2026-03-27 17:16:29,185 - INFO - 🔍 관심 API 발견: GET https://www.kblife.co.kr/api/insuranceplan/insuranceplan-code/product-special-qualities
2026-03-27 17:16:29,283 - INFO - 🔍 관심 API 발견: GET https://www.kblife.co.kr/api/insuranceplan/insuranceplan-code/tooltip-messages
2026-03-27 17:16:29,283 - INFO - 📋 API 응답 데이터: {
  "result": [
    {
      "id": "4",
      "entityVersion": 0,
      "productCode": "025250",
      "productDefinitionCode": "PD00000367"
    },
    {
      "id": "1",
      "entityVersion": 0,
      "productCode": "025230",
      "productDefinitionCode": "PD00000023"
    },
    {
      "id": "2",
      "entityVersion": 0,
      "productCode": "024610",
      "productDefinitionCode": "PD00000367"
    },
    {
      "id": "5",
      "entityVersion": 0,
      "productCode": "025610",
      "prod...
2026-03-27 17:16:29,317 - INFO - 📋 API 응답 데이터: {
  "kbl_productList": [
    {
      "ANNT_YN": "Y",
      "PROD_SPCQ_1": "10년 또는 12년 장기납입 설계",
      "PROD_SPCQ_MO_1": "10년 또는 12년 장기납입 설계",
      "CTGR_CD": "01",
      "SCR_EPOS_RANK": "91",
      "PROD_LNK_CD": "OF_PD_NL_00",
      "CORP_TP_CD": "3",
      "CTGR_NM": "연금보험",
      "PAGE": 1,
      "PROD_KND": "INS02",
      "PROD_CD": "119801105",
      "Z_CREATED_DATE": 1767163352000,
      "RNUM": 1,
      "AMT_VIEW_YN": "Y",
      "CHANNEL": "1001",
      "SALE_START_DATE": "20260101",
  ...
2026-03-27 17:16:29,374 - INFO - 🔍 관심 API 발견: GET https://www.kblife.co.kr/api/insuranceplan/product-mappings/316100104?corpTypeCode=3&
2026-03-27 17:16:29,375 - INFO - 🔍 관심 API 발견: POST https://www.kblife.co.kr/online-insurance/API/getOnNotice.do
2026-03-27 17:16:29,575 - INFO - 🔍 관심 API 발견: GET https://www.kblife.co.kr/api/insuranceplan/insuranceplan-option/316100104?genderCode=2&isVariable=false&isAnnuity=false&riskGrdCd=3&insuranceAge=0&channel=1004&
2026-03-27 17:16:29,576 - INFO - 📋 API 응답 데이터: [
  {
    "id": null,
    "entityVersion": 0,
    "code": "TIP_ANNT_PAY_MTHD",
    "groupCode": "PD_TLTP",
    "codeName": "연금지급방법",
    "order": null,
    "attribute01": "종신연금형 : 피보험자의 사망시까지 평생동안 연금을 지급 받는 형태",
    "attribute02": null,
    "useYn": "Y"
  },
  {
    "id": null,
    "entityVersion": 0,
    "code": "TIP_ANNT_PAY_CYCL",
    "groupCode": "PD_TLTP",
    "codeName": "연금지급주기",
    "order": null,
    "attribute01": "연금을 수령 받으실 주기입니다.",
    "attribute02": null,
    "useYn": "Y"
  },
  {
...
2026-03-27 17:16:29,580 - INFO - 📋 API 응답 데이터: []...
2026-03-27 17:16:29,581 - INFO - 📋 API 응답 데이터: [
  {
    "id": "500017889",
    "entityVersion": 1,
    "mainProductCode": "316100104",
    "subProductCode": "316100104",
    "subProductName": "KB 착한암보험 무배당",
    "registrationId": "L125066",
    "registrationDatetime": 1764663902000,
    "changeId": null,
    "chageDatetime": null
  },
  {
    "id": "500017890",
    "entityVersion": 1,
    "mainProductCode": "316100104",
    "subProductCode": "316101104",
    "subProductName": "KB 착한암보험 무배당(해약환급금 미지급형)",
    "registrationId": "L125066",
    ...
2026-03-27 17:16:29,838 - INFO - 🔍 관심 API 발견: POST https://analytics.google.com/g/collect?v=2&tid=G-9XMYJ3XQF2&gtm=45je63p1v888558539za200zd888558539&_p=1774599389808&_gaz=1&gcd=13l3l3l3l1l1&npa=0&dma=0&cid=1954591211.1774599390&ul=ko-kr&sr=1920x1080&uaa=x86&uab=64&uafvl=Chromium%3B145.0.7632.6%7CNot%253AA-Brand%3B99.0.0.0&uamb=0&uam=&uap=Windows&uapv=10.0&uaw=0&are=1&frm=0&pscdl=noapi&_eu=AAAAAGA&_s=1&tag_exp=0~115938465~115938469~117384406~117484252&dp=%EB%8C%80%EA%B3%A0%EA%B0%9DPC%3E%EC%98%A8%EB%9D%BC%EC%9D%B8%EB%B3%B4%ED%97%98%3E%EB%B3%B4%ED%97%98%EC%83%81%EC%84%B8%3EKB%20%EC%B0%A9%ED%95%9C%EC%95%94%EB%B3%B4%ED%97%98%20%EB%AC%B4%EB%B0%B0%EB%8B%B9%20%3E%20%EC%98%A8%EB%9D%BC%EC%9D%B8%EB%B3%B4%ED%97%98%20%7C%20KB%EB%9D%BC%EC%9D%B4%ED%94%84%20%EC%83%9D%EB%AA%85&sid=1774599389&sct=1&seg=0&dl=https%3A%2F%2Fwww.kblife.co.kr%2Finsurance-product%2FproductDetails.do%3FlinkCd%3DON_PD_KC_01%26productType%3D5&dt=KB%20%EC%B0%A9%ED%95%9C%EC%95%94%EB%B3%B4%ED%97%98%20%EB%AC%B4%EB%B0%B0%EB%8B%B9%20%3E%20%EC%98%A8%EB%9D%BC%EC%9D%B8%EB%B3%B4%ED%97%98%20%7C%20KB%EB%9D%BC%EC%9D%B4%ED%94%84%20%EC%83%9D%EB%AA%85&tfd=2168
2026-03-27 17:16:29,839 - INFO - 🔍 관심 API 발견: POST https://www.google-analytics.com/g/collect?v=2&tid=G-T0WVH888J3&gtm=45je63p1v888558539za200zd888558539&_p=1774599389808&gcd=13l3l3l3l1l1&npa=0&dma=0&cid=1954591211.1774599390&ul=ko-kr&sr=1920x1080&uaa=x86&uab=64&uafvl=Chromium%3B145.0.7632.6%7CNot%253AA-Brand%3B99.0.0.0&uamb=0&uam=&uap=Windows&uapv=10.0&uaw=0&are=1&frm=0&pscdl=noapi&_s=1&tag_exp=0~115938465~115938469~117384406~117484252&dp=%EB%8C%80%EA%B3%A0%EA%B0%9DPC%3E%EC%98%A8%EB%9D%BC%EC%9D%B8%EB%B3%B4%ED%97%98%3E%EB%B3%B4%ED%97%98%EC%83%81%EC%84%B8%3EKB%20%EC%B0%A9%ED%95%9C%EC%95%94%EB%B3%B4%ED%97%98%20%EB%AC%B4%EB%B0%B0%EB%8B%B9%20%3E%20%EC%98%A8%EB%9D%BC%EC%9D%B8%EB%B3%B4%ED%97%98%20%7C%20KB%EB%9D%BC%EC%9D%B4%ED%94%84%20%EC%83%9D%EB%AA%85&sid=1774599389&sct=1&seg=0&dl=https%3A%2F%2Fwww.kblife.co.kr%2Finsurance-product%2FproductDetails.do%3FlinkCd%3DON_PD_KC_01%26productType%3D5&dt=KB%20%EC%B0%A9%ED%95%9C%EC%95%94%EB%B3%B4%ED%97%98%20%EB%AC%B4%EB%B0%B0%EB%8B%B9%20%3E%20%EC%98%A8%EB%9D%BC%EC%9D%B8%EB%B3%B4%ED%97%98%20%7C%20KB%EB%9D%BC%EC%9D%B4%ED%94%84%20%EC%83%9D%EB%AA%85&tfd=2174
2026-03-27 17:16:30,543 - INFO - 📋 API 응답 데이터: {
  "id": "cbbe496d-6328-4569-a0aa-bf99fd9c30ad",
  "entityVersion": 0,
  "products": [
    {
      "gsBhir": "KB 착한암보험 무배당",
      "gsSpSpcd1": "316100104",
      "gsCdgiga": "50000000",
      "gsCsgiga": "5000000",
      "gsBhggidw": "10000000",
      "gsGgcode": "21",
      "prodCrncCd": "410",
      "insrnCalMethdCd": "1",
      "pdiProdTpCd": null,
      "radProdTyCd": "LIFE",
      "joinPsblGndrCd": null,
      "prodFaceamntUnitAmnt": "10000000",
      "waiverRiderYn": "0",
      "availabl...
2026-03-27 17:16:30,545 - INFO - 🔍 관심 API 발견: POST https://www.kblife.co.kr/api/application/psco/ess-step-info
2026-03-27 17:16:30,642 - INFO - 🔍 관심 API 발견: POST https://www.kblife.co.kr/api/application/appl/putDgtlCnttInfo.do
2026-03-27 17:16:30,642 - INFO - 📋 API 응답 데이터: {
  "data": {
    "prodCd": "316100104",
    "cntrSeqId": "ST202603271716748102",
    "resultCnt": 1,
    "prodNm": "KB 착한암보험 무배당"
  },
  "responseText": "청약여정ID 정보 등록 성공 | CNT : 1",
  "responseCode": "0"
}...
2026-03-27 17:16:30,871 - INFO - 📋 API 응답 데이터: true...
2026-03-27 17:16:34,837 - INFO - 🔍 관심 API 발견: POST https://analytics.google.com/g/collect?v=2&tid=G-9XMYJ3XQF2&gtm=45je63p1v888558539za200zd888558539&_p=1774599389808&gcd=13l3l3l3l1l1&npa=0&dma=0&cid=1954591211.1774599390&ul=ko-kr&sr=1920x1080&uaa=x86&uab=64&uafvl=Chromium%3B145.0.7632.6%7CNot%253AA-Brand%3B99.0.0.0&uamb=0&uam=&uap=Windows&uapv=10.0&uaw=0&are=1&frm=0&pscdl=noapi&_eu=AAAAAGQ&_s=2&tag_exp=0~115938465~115938469~117384406~117484252&dp=%EB%8C%80%EA%B3%A0%EA%B0%9DPC%3E%EC%98%A8%EB%9D%BC%EC%9D%B8%EB%B3%B4%ED%97%98%3E%EB%B3%B4%ED%97%98%EC%83%81%EC%84%B8%3EKB%20%EC%B0%A9%ED%95%9C%EC%95%94%EB%B3%B4%ED%97%98%20%EB%AC%B4%EB%B0%B0%EB%8B%B9%20%3E%20%EC%98%A8%EB%9D%BC%EC%9D%B8%EB%B3%B4%ED%97%98%20%7C%20KB%EB%9D%BC%EC%9D%B4%ED%94%84%20%EC%83%9D%EB%AA%85&sid=1774599389&sct=1&seg=0&dl=https%3A%2F%2Fwww.kblife.co.kr%2Finsurance-product%2FproductDetails.do%3FlinkCd%3DON_PD_KC_01%26productType%3D5&dt=KB%20%EC%B0%A9%ED%95%9C%EC%95%94%EB%B3%B4%ED%97%98%20%EB%AC%B4%EB%B0%B0%EB%8B%B9%20%3E%20%EC%98%A8%EB%9D%BC%EC%9D%B8%EB%B3%B4%ED%97%98%20%7C%20KB%EB%9D%BC%EC%9D%B4%ED%94%84%20%EC%83%9D%EB%AA%85&tfd=7182
2026-03-27 17:16:34,844 - INFO - 🔍 관심 API 발견: POST https://www.google-analytics.com/g/collect?v=2&tid=G-T0WVH888J3&gtm=45je63p1v888558539za200zd888558539&_p=1774599389808&gcd=13l3l3l3l1l1&npa=0&dma=0&cid=1954591211.1774599390&ul=ko-kr&sr=1920x1080&uaa=x86&uab=64&uafvl=Chromium%3B145.0.7632.6%7CNot%253AA-Brand%3B99.0.0.0&uamb=0&uam=&uap=Windows&uapv=10.0&uaw=0&are=1&frm=0&pscdl=noapi&_eu=AAAAAAQ&_s=2&tag_exp=0~115938465~115938469~117384406~117484252&dp=%EB%8C%80%EA%B3%A0%EA%B0%9DPC%3E%EC%98%A8%EB%9D%BC%EC%9D%B8%EB%B3%B4%ED%97%98%3E%EB%B3%B4%ED%97%98%EC%83%81%EC%84%B8%3EKB%20%EC%B0%A9%ED%95%9C%EC%95%94%EB%B3%B4%ED%97%98%20%EB%AC%B4%EB%B0%B0%EB%8B%B9%20%3E%20%EC%98%A8%EB%9D%BC%EC%9D%B8%EB%B3%B4%ED%97%98%20%7C%20KB%EB%9D%BC%EC%9D%B4%ED%94%84%20%EC%83%9D%EB%AA%85&sid=1774599389&sct=1&seg=0&dl=https%3A%2F%2Fwww.kblife.co.kr%2Finsurance-product%2FproductDetails.do%3FlinkCd%3DON_PD_KC_01%26productType%3D5&dt=KB%20%EC%B0%A9%ED%95%9C%EC%95%94%EB%B3%B4%ED%97%98%20%EB%AC%B4%EB%B0%B0%EB%8B%B9%20%3E%20%EC%98%A8%EB%9D%BC%EC%9D%B8%EB%B3%B4%ED%97%98%20%7C%20KB%EB%9D%BC%EC%9D%B4%ED%94%84%20%EC%83%9D%EB%AA%85&tfd=7189
2026-03-27 17:16:36,380 - INFO - 🔍 상호작용 요소 탐지 중...
2026-03-27 17:16:36,429 - INFO - ✅ 요소 발견: BUTTON - 예상보험료 계산하기
2026-03-27 17:16:36,440 - INFO - ✅ 요소 발견: BUTTON - 보험료 재계산하기
2026-03-27 17:16:36,452 - INFO - ✅ 요소 발견: BUTTON - 다시 계산하기
2026-03-27 17:16:36,463 - INFO - ✅ 요소 발견: BUTTON - 다시 계산하기
2026-03-27 17:16:36,485 - INFO - ✅ 요소 발견: BUTTON - 가입하기
2026-03-27 17:16:36,496 - INFO - ✅ 요소 발견: BUTTON - 바로 가입하기
2026-03-27 17:16:36,506 - INFO - ✅ 요소 발견: BUTTON - 보험가입하기
2026-03-27 17:16:36,517 - INFO - ✅ 요소 발견: BUTTON - 보험가입하기
2026-03-27 17:16:36,526 - INFO - ✅ 요소 발견: BUTTON - 보험가입하기
2026-03-27 17:16:36,539 - INFO - ✅ 요소 발견: BUTTON - 상담신청
2026-03-27 17:16:36,546 - INFO - ✅ 요소 발견: BUTTON - 상담 신청하기
2026-03-27 17:16:36,581 - INFO - ✅ 요소 발견: INPUT - 
2026-03-27 17:16:36,590 - INFO - ✅ 요소 발견: INPUT - 
2026-03-27 17:16:36,599 - INFO - ✅ 요소 발견: INPUT - 
2026-03-27 17:16:36,607 - INFO - ✅ 요소 발견: INPUT - 
2026-03-27 17:16:36,615 - INFO - ✅ 요소 발견: INPUT - 
2026-03-27 17:16:36,623 - INFO - ✅ 요소 발견: INPUT - 
2026-03-27 17:16:36,632 - INFO - ✅ 요소 발견: INPUT - 
2026-03-27 17:16:36,642 - INFO - ✅ 요소 발견: INPUT - 
2026-03-27 17:16:36,651 - INFO - ✅ 요소 발견: INPUT - 
2026-03-27 17:16:36,660 - INFO - ✅ 요소 발견: INPUT - 
2026-03-27 17:16:36,668 - INFO - ✅ 요소 발견: INPUT - 
2026-03-27 17:16:36,675 - INFO - ✅ 요소 발견: INPUT - 
2026-03-27 17:16:36,683 - INFO - ✅ 요소 발견: INPUT - 
2026-03-27 17:16:36,690 - INFO - ✅ 요소 발견: INPUT - 
2026-03-27 17:16:36,698 - INFO - ✅ 요소 발견: INPUT - 
2026-03-27 17:16:36,706 - INFO - ✅ 요소 발견: INPUT - 
2026-03-27 17:16:36,714 - INFO - ✅ 요소 발견: INPUT - 
2026-03-27 17:16:36,721 - INFO - ✅ 요소 발견: INPUT - 
2026-03-27 17:16:36,729 - INFO - ✅ 요소 발견: INPUT - 
2026-03-27 17:16:36,737 - INFO - ✅ 요소 발견: INPUT - 
2026-03-27 17:16:36,747 - INFO - ✅ 요소 발견: INPUT - 
2026-03-27 17:16:36,756 - INFO - ✅ 요소 발견: INPUT - 
2026-03-27 17:16:36,763 - INFO - ✅ 요소 발견: INPUT - 
2026-03-27 17:16:36,769 - INFO - ✅ 요소 발견: INPUT - 
2026-03-27 17:16:36,776 - INFO - ✅ 요소 발견: INPUT - 
2026-03-27 17:16:36,783 - INFO - ✅ 요소 발견: INPUT - 
2026-03-27 17:16:36,792 - INFO - ✅ 요소 발견: INPUT - 
2026-03-27 17:16:36,800 - INFO - ✅ 요소 발견: INPUT - 
2026-03-27 17:16:36,807 - INFO - ✅ 요소 발견: INPUT - 
2026-03-27 17:16:36,814 - INFO - ✅ 요소 발견: INPUT - 
2026-03-27 17:16:36,821 - INFO - ✅ 요소 발견: INPUT - 
2026-03-27 17:16:36,829 - INFO - ✅ 요소 발견: INPUT - 
2026-03-27 17:16:36,837 - INFO - ✅ 요소 발견: INPUT - 
2026-03-27 17:16:36,844 - INFO - ✅ 요소 발견: INPUT - 
2026-03-27 17:16:36,852 - INFO - ✅ 요소 발견: INPUT - 
2026-03-27 17:16:36,860 - INFO - ✅ 요소 발견: INPUT - 
2026-03-27 17:16:36,868 - INFO - ✅ 요소 발견: INPUT - 
2026-03-27 17:16:36,878 - INFO - ✅ 요소 발견: INPUT - 
2026-03-27 17:16:36,889 - INFO - ✅ 요소 발견: INPUT - 
2026-03-27 17:16:36,900 - INFO - ✅ 요소 발견: INPUT - 
2026-03-27 17:16:36,911 - INFO - ✅ 요소 발견: INPUT - 
2026-03-27 17:16:36,922 - INFO - ✅ 요소 발견: INPUT - 
2026-03-27 17:16:36,932 - INFO - ✅ 요소 발견: INPUT - 
2026-03-27 17:16:36,942 - INFO - ✅ 요소 발견: INPUT - 
2026-03-27 17:16:36,953 - INFO - ✅ 요소 발견: INPUT - 
2026-03-27 17:16:36,963 - INFO - ✅ 요소 발견: INPUT - 
2026-03-27 17:16:36,973 - INFO - ✅ 요소 발견: INPUT - 
2026-03-27 17:16:36,983 - INFO - ✅ 요소 발견: INPUT - 
2026-03-27 17:16:36,993 - INFO - ✅ 요소 발견: INPUT - 
2026-03-27 17:16:37,003 - INFO - ✅ 요소 발견: INPUT - 
2026-03-27 17:16:37,034 - INFO - ✅ 요소 발견: A - 셀프 연금계산기
2026-03-27 17:16:37,041 - INFO - ✅ 요소 발견: A - 셀프 연금계산기
2026-03-27 17:16:37,049 - INFO - ✅ 요소 발견: A - 보험료계산
2026-03-27 17:16:37,059 - INFO - ✅ 요소 발견: A - 보험료계산
2026-03-27 17:16:37,081 - INFO - ✅ 요소 발견: DIV - 바로 가입하기
                        상담 신청하기
          
2026-03-27 17:16:37,090 - INFO - ✅ 요소 발견: DIV - 바로 가입하기
                        상담 신청하기
          
2026-03-27 17:16:37,100 - INFO - ✅ 요소 발견: BUTTON - 다시 계산하기
2026-03-27 17:16:37,110 - INFO - ✅ 요소 발견: BUTTON - 다시 계산하기
2026-03-27 17:16:37,122 - INFO - ✅ 요소 발견: SECTION - 
2026-03-27 17:16:37,141 - INFO - ✅ 요소 발견: SECTION - 
2026-03-27 17:16:37,159 - INFO - ✅ 요소 발견: BUTTON - 예상보험료 계산하기
2026-03-27 17:16:37,170 - INFO - ✅ 요소 발견: LI - 보험료계산
2026-03-27 17:16:37,181 - INFO - ✅ 요소 발견: LI - 보험료계산
2026-03-27 17:16:37,204 - INFO - ✅ 요소 발견: DIV - 보험료 계산 결과
                                
       
2026-03-27 17:16:37,214 - INFO - ✅ 요소 발견: DIV - 
2026-03-27 17:16:37,233 - INFO - ✅ 요소 발견: SECTION - 
2026-03-27 17:16:37,243 - INFO - ✅ 요소 발견: DIV - 
2026-03-27 17:16:37,243 - INFO - 📋 총 78개 상호작용 요소 발견
2026-03-27 17:16:37,243 - INFO - 🤖 상호작용 시도 시작...
2026-03-27 17:16:37,243 - INFO - 👆 클릭 시도: 예상보험료 계산하기
2026-03-27 17:16:37,262 - INFO - 🔍 관심 API 발견: POST https://www.kblife.co.kr/online-insurance/API/getOnNotice.do
2026-03-27 17:16:37,526 - INFO - 📋 API 응답 데이터: []...
2026-03-27 17:16:40,538 - INFO - 🎯 클릭으로 새로운 API 발견! (1개)
2026-03-27 17:16:40,550 - INFO - 📝 새로운 폼 발견: 4개 입력 요소
2026-03-27 17:16:40,571 - INFO - 📝 새로운 폼 발견: 13개 입력 요소
2026-03-27 17:16:40,631 - INFO - 📝 새로운 폼 발견: 8개 입력 요소
2026-03-27 17:16:40,636 - INFO - 🎯 나이 입력 필드 발견! name: insureAge
2026-03-27 17:16:40,686 - INFO - 📝 새로운 폼 발견: 3개 입력 요소
2026-03-27 17:16:40,703 - INFO - 📝 새로운 폼 발견: 2개 입력 요소
2026-03-27 17:16:40,716 - INFO - 📝 새로운 폼 발견: 2개 입력 요소
2026-03-27 17:16:40,733 - INFO - 📝 새로운 폼 발견: 15개 입력 요소
2026-03-27 17:16:40,809 - INFO - 📝 새로운 폼 발견: 1개 입력 요소
2026-03-27 17:16:40,820 - INFO - 📝 새로운 폼 발견: 9개 입력 요소
2026-03-27 17:16:40,864 - INFO - 📝 새로운 폼 발견: 6개 입력 요소
2026-03-27 17:16:40,892 - INFO - 📝 새로운 폼 발견: 2개 입력 요소
2026-03-27 17:16:40,906 - INFO - 📝 새로운 폼 발견: 2개 입력 요소
2026-03-27 17:16:40,921 - INFO - 📝 새로운 폼 발견: 2개 입력 요소
2026-03-27 17:16:40,936 - INFO - 📝 새로운 폼 발견: 2개 입력 요소
2026-03-27 17:16:40,953 - INFO - 📝 새로운 폼 발견: 2개 입력 요소
2026-03-27 17:16:40,970 - INFO - 📝 새로운 폼 발견: 2개 입력 요소
2026-03-27 17:16:40,988 - INFO - 📝 새로운 폼 발견: 2개 입력 요소
2026-03-27 17:16:41,006 - INFO - 📝 새로운 폼 발견: 3개 입력 요소
2026-03-27 17:16:41,028 - INFO - 📝 새로운 폼 발견: 3개 입력 요소
2026-03-27 17:16:41,044 - INFO - 📝 새로운 폼 발견: 3개 입력 요소
2026-03-27 17:16:41,061 - INFO - 📝 새로운 폼 발견: 2개 입력 요소
2026-03-27 17:16:41,073 - INFO - 📝 새로운 폼 발견: 2개 입력 요소
2026-03-27 17:16:41,086 - INFO - 📝 새로운 폼 발견: 2개 입력 요소
2026-03-27 17:16:41,099 - INFO - 📝 새로운 폼 발견: 3개 입력 요소
2026-03-27 17:16:41,115 - INFO - 📝 새로운 폼 발견: 2개 입력 요소
2026-03-27 17:16:41,128 - INFO - 📝 새로운 폼 발견: 6개 입력 요소
2026-03-27 17:16:41,156 - INFO - 📝 새로운 폼 발견: 2개 입력 요소
2026-03-27 17:16:41,169 - INFO - 📝 새로운 폼 발견: 2개 입력 요소
2026-03-27 17:16:41,181 - INFO - 📝 새로운 폼 발견: 2개 입력 요소
2026-03-27 17:16:41,193 - INFO - 📝 새로운 폼 발견: 1개 입력 요소
2026-03-27 17:16:41,203 - INFO - 📝 새로운 폼 발견: 3개 입력 요소
2026-03-27 17:16:41,226 - INFO - 📝 새로운 폼 발견: 3개 입력 요소
2026-03-27 17:16:41,243 - INFO - 📝 새로운 폼 발견: 3개 입력 요소
2026-03-27 17:16:41,263 - INFO - 📝 새로운 폼 발견: 3개 입력 요소
2026-03-27 17:16:41,280 - INFO - 📝 새로운 폼 발견: 3개 입력 요소
2026-03-27 17:16:41,296 - INFO - 📝 새로운 폼 발견: 1개 입력 요소
2026-03-27 17:16:41,304 - INFO - 📝 새로운 폼 발견: 2개 입력 요소
2026-03-27 17:16:41,317 - INFO - 📝 새로운 폼 발견: 4개 입력 요소
2026-03-27 17:16:41,339 - INFO - 📝 새로운 폼 발견: 4개 입력 요소
2026-03-27 17:16:41,361 - INFO - 📝 새로운 폼 발견: 1개 입력 요소
2026-03-27 17:16:41,372 - INFO - 📝 새로운 폼 발견: 2개 입력 요소
2026-03-27 17:16:41,383 - INFO - 📝 새로운 폼 발견: 1개 입력 요소
2026-03-27 17:16:41,394 - INFO - 📝 새로운 폼 발견: 2개 입력 요소
2026-03-27 17:16:41,411 - INFO - 📝 새로운 폼 발견: 5개 입력 요소
2026-03-27 17:16:41,446 - INFO - 📝 새로운 폼 발견: 3개 입력 요소
2026-03-27 17:16:41,470 - INFO - 📝 새로운 폼 발견: 3개 입력 요소
2026-03-27 17:16:41,486 - INFO - 📝 새로운 폼 발견: 3개 입력 요소
2026-03-27 17:16:41,504 - INFO - 📝 새로운 폼 발견: 5개 입력 요소
2026-03-27 17:16:41,528 - INFO - 📝 새로운 폼 발견: 5개 입력 요소
2026-03-27 17:16:41,553 - INFO - 📝 새로운 폼 발견: 2개 입력 요소
2026-03-27 17:16:41,565 - INFO - 📝 새로운 폼 발견: 2개 입력 요소
2026-03-27 17:16:41,578 - INFO - 📝 새로운 폼 발견: 5개 입력 요소
2026-03-27 17:16:41,602 - INFO - 📝 새로운 폼 발견: 1개 입력 요소
2026-03-27 17:16:41,610 - INFO - 📝 새로운 폼 발견: 3개 입력 요소
2026-03-27 17:16:41,626 - INFO - 📝 새로운 폼 발견: 1개 입력 요소
2026-03-27 17:16:41,635 - INFO - 📝 새로운 폼 발견: 1개 입력 요소
2026-03-27 17:16:41,643 - INFO - 📝 새로운 폼 발견: 1개 입력 요소
2026-03-27 17:16:41,651 - INFO - 📝 새로운 폼 발견: 2개 입력 요소
2026-03-27 17:16:41,772 - INFO - 📝 새로운 폼 발견: 3개 입력 요소
2026-03-27 17:16:41,795 - INFO - 📝 새로운 폼 발견: 3개 입력 요소
2026-03-27 17:16:41,821 - INFO - 📝 새로운 폼 발견: 2개 입력 요소
2026-03-27 17:16:41,836 - INFO - 📝 새로운 폼 발견: 2개 입력 요소
2026-03-27 17:16:41,849 - INFO - 📝 새로운 폼 발견: 2개 입력 요소
2026-03-27 17:16:41,868 - INFO - 📝 새로운 폼 발견: 1개 입력 요소
2026-03-27 17:16:41,880 - INFO - 📝 새로운 폼 발견: 2개 입력 요소
2026-03-27 17:16:41,893 - INFO - 📝 새로운 폼 발견: 2개 입력 요소
2026-03-27 17:16:41,911 - INFO - 📝 새로운 폼 발견: 1개 입력 요소
2026-03-27 17:16:41,928 - INFO - 📝 새로운 폼 발견: 15개 입력 요소
2026-03-27 17:16:42,001 - INFO - 📝 새로운 폼 발견: 15개 입력 요소
2026-03-27 17:16:42,077 - INFO - 📝 새로운 폼 발견: 13개 입력 요소
2026-03-27 17:16:42,137 - INFO - 📝 새로운 폼 발견: 1개 입력 요소
2026-03-27 17:16:42,147 - INFO - 📝 새로운 폼 발견: 1개 입력 요소
2026-03-27 17:16:42,158 - INFO - 📝 새로운 폼 발견: 9개 입력 요소
2026-03-27 17:16:42,213 - INFO - 📝 새로운 폼 발견: 9개 입력 요소
2026-03-27 17:16:42,270 - INFO - 📝 새로운 폼 발견: 6개 입력 요소
2026-03-27 17:16:42,306 - INFO - 📝 새로운 폼 발견: 2개 입력 요소
2026-03-27 17:16:42,325 - INFO - 📝 새로운 폼 발견: 6개 입력 요소
2026-03-27 17:16:42,357 - INFO - 📝 새로운 폼 발견: 6개 입력 요소
2026-03-27 17:16:42,394 - INFO - 📝 새로운 폼 발견: 4개 입력 요소
2026-03-27 17:16:42,418 - INFO - 📝 새로운 폼 발견: 1개 입력 요소
2026-03-27 17:16:42,427 - INFO - 📝 새로운 폼 발견: 2개 입력 요소
2026-03-27 17:16:42,440 - INFO - 📝 새로운 폼 발견: 2개 입력 요소
2026-03-27 17:16:42,460 - INFO - 📝 새로운 폼 발견: 1개 입력 요소
2026-03-27 17:16:42,473 - INFO - 📝 새로운 폼 발견: 2개 입력 요소
2026-03-27 17:16:42,485 - INFO - 📝 새로운 폼 발견: 2개 입력 요소
2026-03-27 17:16:42,507 - INFO - 📝 새로운 폼 발견: 1개 입력 요소
2026-03-27 17:16:42,516 - INFO - 🔍 관심 API 발견: POST https://analytics.google.com/g/collect?v=2&tid=G-9XMYJ3XQF2&gtm=45je63p1v888558539za200zd888558539&_p=1774599389808&gcd=13l3l3l3l1l1&npa=0&dma=0&cid=1954591211.1774599390&ul=ko-kr&sr=1920x1080&uaa=x86&uab=64&uafvl=Chromium%3B145.0.7632.6%7CNot%253AA-Brand%3B99.0.0.0&uamb=0&uam=&uap=Windows&uapv=10.0&uaw=0&are=1&frm=0&pscdl=noapi&_eu=AAAAAGQ&tag_exp=0~115938465~115938469~117384406~117484252&dp=%EB%8C%80%EA%B3%A0%EA%B0%9DPC%3E%EC%98%A8%EB%9D%BC%EC%9D%B8%EB%B3%B4%ED%97%98%3E%EB%B3%B4%ED%97%98%EC%83%81%EC%84%B8%3EKB%20%EC%B0%A9%ED%95%9C%EC%95%94%EB%B3%B4%ED%97%98%20%EB%AC%B4%EB%B0%B0%EB%8B%B9%20%3E%20%EC%98%A8%EB%9D%BC%EC%9D%B8%EB%B3%B4%ED%97%98%20%7C%20KB%EB%9D%BC%EC%9D%B4%ED%94%84%20%EC%83%9D%EB%AA%85&sid=1774599389&sct=1&seg=0&dl=https%3A%2F%2Fwww.kblife.co.kr%2Finsurance-product%2FproductDetails.do%3FlinkCd%3DON_PD_KC_01%26productType%3D5&dt=KB%20%EC%B0%A9%ED%95%9C%EC%95%94%EB%B3%B4%ED%97%98%20%EB%AC%B4%EB%B0%B0%EB%8B%B9%20%3E%20%EC%98%A8%EB%9D%BC%EC%9D%B8%EB%B3%B4%ED%97%98%20%7C%20KB%EB%9D%BC%EC%9D%B4%ED%94%84%20%EC%83%9D%EB%AA%85&_s=3&tfd=14860
2026-03-27 17:16:42,519 - INFO - 🔍 관심 API 발견: POST https://www.google-analytics.com/g/collect?v=2&tid=G-T0WVH888J3&gtm=45je63p1v888558539za200zd888558539&_p=1774599389808&gcd=13l3l3l3l1l1&npa=0&dma=0&cid=1954591211.1774599390&ul=ko-kr&sr=1920x1080&uaa=x86&uab=64&uafvl=Chromium%3B145.0.7632.6%7CNot%253AA-Brand%3B99.0.0.0&uamb=0&uam=&uap=Windows&uapv=10.0&uaw=0&are=1&frm=0&pscdl=noapi&_eu=AAAAAAQ&tag_exp=0~115938465~115938469~117384406~117484252&dp=%EB%8C%80%EA%B3%A0%EA%B0%9DPC%3E%EC%98%A8%EB%9D%BC%EC%9D%B8%EB%B3%B4%ED%97%98%3E%EB%B3%B4%ED%97%98%EC%83%81%EC%84%B8%3EKB%20%EC%B0%A9%ED%95%9C%EC%95%94%EB%B3%B4%ED%97%98%20%EB%AC%B4%EB%B0%B0%EB%8B%B9%20%3E%20%EC%98%A8%EB%9D%BC%EC%9D%B8%EB%B3%B4%ED%97%98%20%7C%20KB%EB%9D%BC%EC%9D%B4%ED%94%84%20%EC%83%9D%EB%AA%85&sid=1774599389&sct=1&seg=0&dl=https%3A%2F%2Fwww.kblife.co.kr%2Finsurance-product%2FproductDetails.do%3FlinkCd%3DON_PD_KC_01%26productType%3D5&dt=KB%20%EC%B0%A9%ED%95%9C%EC%95%94%EB%B3%B4%ED%97%98%20%EB%AC%B4%EB%B0%B0%EB%8B%B9%20%3E%20%EC%98%A8%EB%9D%BC%EC%9D%B8%EB%B3%B4%ED%97%98%20%7C%20KB%EB%9D%BC%EC%9D%B4%ED%94%84%20%EC%83%9D%EB%AA%85&_s=3&tfd=14863
2026-03-27 17:16:42,520 - INFO - 📝 새로운 폼 발견: 2개 입력 요소
2026-03-27 17:16:42,532 - INFO - 📝 새로운 폼 발견: 2개 입력 요소
2026-03-27 17:16:42,555 - INFO - 📝 새로운 폼 발견: 1개 입력 요소
2026-03-27 17:16:42,567 - INFO - 📝 새로운 폼 발견: 2개 입력 요소
2026-03-27 17:16:42,578 - INFO - 📝 새로운 폼 발견: 2개 입력 요소
2026-03-27 17:16:42,602 - INFO - 📝 새로운 폼 발견: 1개 입력 요소
2026-03-27 17:16:42,615 - INFO - 📝 새로운 폼 발견: 2개 입력 요소
2026-03-27 17:16:42,626 - INFO - 📝 새로운 폼 발견: 2개 입력 요소
2026-03-27 17:16:42,647 - INFO - 📝 새로운 폼 발견: 1개 입력 요소
2026-03-27 17:16:42,659 - INFO - 📝 새로운 폼 발견: 2개 입력 요소
2026-03-27 17:16:42,670 - INFO - 📝 새로운 폼 발견: 2개 입력 요소
2026-03-27 17:16:42,689 - INFO - 📝 새로운 폼 발견: 1개 입력 요소
2026-03-27 17:16:42,702 - INFO - 📝 새로운 폼 발견: 2개 입력 요소
2026-03-27 17:16:42,714 - INFO - 📝 새로운 폼 발견: 2개 입력 요소
2026-03-27 17:16:42,734 - INFO - 📝 새로운 폼 발견: 1개 입력 요소
2026-03-27 17:16:42,745 - INFO - 📝 새로운 폼 발견: 3개 입력 요소
2026-03-27 17:16:42,762 - INFO - 📝 새로운 폼 발견: 3개 입력 요소
2026-03-27 17:16:42,782 - INFO - 📝 새로운 폼 발견: 2개 입력 요소
2026-03-27 17:16:42,796 - INFO - 📝 새로운 폼 발견: 2개 입력 요소
2026-03-27 17:16:42,813 - INFO - 📝 새로운 폼 발견: 3개 입력 요소
2026-03-27 17:16:42,830 - INFO - 📝 새로운 폼 발견: 3개 입력 요소
2026-03-27 17:16:42,850 - INFO - 📝 새로운 폼 발견: 2개 입력 요소
2026-03-27 17:16:42,865 - INFO - 📝 새로운 폼 발견: 2개 입력 요소
2026-03-27 17:16:42,880 - INFO - 📝 새로운 폼 발견: 3개 입력 요소
2026-03-27 17:16:42,895 - INFO - 📝 새로운 폼 발견: 3개 입력 요소
2026-03-27 17:16:42,914 - INFO - 📝 새로운 폼 발견: 2개 입력 요소
2026-03-27 17:16:42,928 - INFO - 📝 새로운 폼 발견: 2개 입력 요소
2026-03-27 17:16:42,945 - INFO - 📝 새로운 폼 발견: 2개 입력 요소
2026-03-27 17:16:42,956 - INFO - 📝 새로운 폼 발견: 2개 입력 요소
2026-03-27 17:16:42,978 - INFO - 📝 새로운 폼 발견: 1개 입력 요소
2026-03-27 17:16:42,989 - INFO - 📝 새로운 폼 발견: 2개 입력 요소
2026-03-27 17:16:43,002 - INFO - 📝 새로운 폼 발견: 2개 입력 요소
2026-03-27 17:16:43,026 - INFO - 📝 새로운 폼 발견: 1개 입력 요소
2026-03-27 17:16:43,039 - INFO - 📝 새로운 폼 발견: 2개 입력 요소
2026-03-27 17:16:43,050 - INFO - 📝 새로운 폼 발견: 2개 입력 요소
2026-03-27 17:16:43,073 - INFO - 📝 새로운 폼 발견: 1개 입력 요소
2026-03-27 17:16:43,085 - INFO - 📝 새로운 폼 발견: 3개 입력 요소
2026-03-27 17:16:43,103 - INFO - 📝 새로운 폼 발견: 3개 입력 요소
2026-03-27 17:16:43,130 - INFO - 📝 새로운 폼 발견: 2개 입력 요소
2026-03-27 17:16:43,146 - INFO - 📝 새로운 폼 발견: 2개 입력 요소
2026-03-27 17:16:43,158 - INFO - 📝 새로운 폼 발견: 2개 입력 요소
2026-03-27 17:16:43,184 - INFO - 📝 새로운 폼 발견: 1개 입력 요소
2026-03-27 17:16:43,197 - INFO - 📝 새로운 폼 발견: 6개 입력 요소
2026-03-27 17:16:43,226 - INFO - 📝 새로운 폼 발견: 6개 입력 요소
2026-03-27 17:16:43,261 - INFO - 📝 새로운 폼 발견: 3개 입력 요소
2026-03-27 17:16:43,277 - INFO - 📝 새로운 폼 발견: 2개 입력 요소
2026-03-27 17:16:43,293 - INFO - 📝 새로운 폼 발견: 2개 입력 요소
2026-03-27 17:16:43,303 - INFO - 📝 새로운 폼 발견: 2개 입력 요소
2026-03-27 17:16:43,319 - INFO - 📝 새로운 폼 발견: 1개 입력 요소
2026-03-27 17:16:43,329 - INFO - 📝 새로운 폼 발견: 2개 입력 요소
2026-03-27 17:16:43,341 - INFO - 📝 새로운 폼 발견: 2개 입력 요소
2026-03-27 17:16:43,357 - INFO - 📝 새로운 폼 발견: 1개 입력 요소
2026-03-27 17:16:43,367 - INFO - 📝 새로운 폼 발견: 2개 입력 요소
2026-03-27 17:16:43,379 - INFO - 📝 새로운 폼 발견: 2개 입력 요소
2026-03-27 17:16:43,400 - INFO - 📝 새로운 폼 발견: 1개 입력 요소
2026-03-27 17:16:43,412 - INFO - 📝 새로운 폼 발견: 1개 입력 요소
2026-03-27 17:16:43,419 - INFO - 📝 새로운 폼 발견: 1개 입력 요소
2026-03-27 17:16:43,434 - INFO - 📝 새로운 폼 발견: 1개 입력 요소
2026-03-27 17:16:43,443 - INFO - 📝 새로운 폼 발견: 3개 입력 요소
2026-03-27 17:16:43,459 - INFO - 📝 새로운 폼 발견: 3개 입력 요소
2026-03-27 17:16:43,479 - INFO - 📝 새로운 폼 발견: 2개 입력 요소
2026-03-27 17:16:43,491 - INFO - 📝 새로운 폼 발견: 1개 입력 요소
2026-03-27 17:16:43,501 - INFO - 📝 새로운 폼 발견: 3개 입력 요소
2026-03-27 17:16:43,517 - INFO - 📝 새로운 폼 발견: 3개 입력 요소
2026-03-27 17:16:43,540 - INFO - 📝 새로운 폼 발견: 2개 입력 요소
2026-03-27 17:16:43,558 - INFO - 📝 새로운 폼 발견: 3개 입력 요소
2026-03-27 17:16:43,573 - INFO - 📝 새로운 폼 발견: 3개 입력 요소
2026-03-27 17:16:43,595 - INFO - 📝 새로운 폼 발견: 2개 입력 요소
2026-03-27 17:16:43,613 - INFO - 📝 새로운 폼 발견: 3개 입력 요소
2026-03-27 17:16:43,630 - INFO - 📝 새로운 폼 발견: 3개 입력 요소
2026-03-27 17:16:43,653 - INFO - 📝 새로운 폼 발견: 2개 입력 요소
2026-03-27 17:16:43,674 - INFO - 📝 새로운 폼 발견: 3개 입력 요소
2026-03-27 17:16:43,690 - INFO - 📝 새로운 폼 발견: 3개 입력 요소
2026-03-27 17:16:43,711 - INFO - 📝 새로운 폼 발견: 2개 입력 요소
2026-03-27 17:16:43,731 - INFO - 📝 새로운 폼 발견: 1개 입력 요소
2026-03-27 17:16:43,739 - INFO - 📝 새로운 폼 발견: 1개 입력 요소
2026-03-27 17:16:43,754 - INFO - 📝 새로운 폼 발견: 1개 입력 요소
2026-03-27 17:16:43,764 - INFO - 📝 새로운 폼 발견: 2개 입력 요소
2026-03-27 17:16:43,776 - INFO - 📝 새로운 폼 발견: 2개 입력 요소
2026-03-27 17:16:43,794 - INFO - 📝 새로운 폼 발견: 2개 입력 요소
2026-03-27 17:16:43,810 - INFO - 📝 새로운 폼 발견: 4개 입력 요소
2026-03-27 17:16:43,832 - INFO - 📝 새로운 폼 발견: 4개 입력 요소
2026-03-27 17:16:43,856 - INFO - 📝 새로운 폼 발견: 2개 입력 요소
2026-03-27 17:16:43,870 - INFO - 📝 새로운 폼 발견: 1개 입력 요소
2026-03-27 17:16:43,880 - INFO - 📝 새로운 폼 발견: 4개 입력 요소
2026-03-27 17:16:43,900 - INFO - 📝 새로운 폼 발견: 4개 입력 요소
2026-03-27 17:16:43,923 - INFO - 📝 새로운 폼 발견: 2개 입력 요소
2026-03-27 17:16:43,938 - INFO - 📝 새로운 폼 발견: 1개 입력 요소
2026-03-27 17:16:43,948 - INFO - 📝 새로운 폼 발견: 1개 입력 요소
2026-03-27 17:16:43,956 - INFO - 📝 새로운 폼 발견: 1개 입력 요소
2026-03-27 17:16:43,976 - INFO - 📝 새로운 폼 발견: 2개 입력 요소
2026-03-27 17:16:43,989 - INFO - 📝 새로운 폼 발견: 2개 입력 요소
2026-03-27 17:16:44,007 - INFO - 📝 새로운 폼 발견: 1개 입력 요소
2026-03-27 17:16:44,021 - INFO - 📝 새로운 폼 발견: 1개 입력 요소
2026-03-27 17:16:44,028 - INFO - 📝 새로운 폼 발견: 1개 입력 요소
2026-03-27 17:16:44,043 - INFO - 📝 새로운 폼 발견: 2개 입력 요소
2026-03-27 17:16:44,054 - INFO - 📝 새로운 폼 발견: 2개 입력 요소
2026-03-27 17:16:44,072 - INFO - 📝 새로운 폼 발견: 1개 입력 요소
2026-03-27 17:16:44,082 - INFO - 📝 새로운 폼 발견: 5개 입력 요소
2026-03-27 17:16:44,106 - INFO - 📝 새로운 폼 발견: 5개 입력 요소
2026-03-27 17:16:44,132 - INFO - 📝 새로운 폼 발견: 2개 입력 요소
2026-03-27 17:16:44,144 - INFO - 📝 새로운 폼 발견: 1개 입력 요소
2026-03-27 17:16:44,151 - INFO - 📝 새로운 폼 발견: 1개 입력 요소
2026-03-27 17:16:44,162 - INFO - 📝 새로운 폼 발견: 2개 입력 요소
2026-03-27 17:16:44,182 - INFO - 📝 새로운 폼 발견: 2개 입력 요소
2026-03-27 17:16:44,206 - INFO - 📝 새로운 폼 발견: 3개 입력 요소
2026-03-27 17:16:44,229 - INFO - 📝 새로운 폼 발견: 3개 입력 요소
2026-03-27 17:16:44,258 - INFO - 📝 새로운 폼 발견: 1개 입력 요소
2026-03-27 17:16:44,269 - INFO - 📝 새로운 폼 발견: 1개 입력 요소
2026-03-27 17:16:44,279 - INFO - 📝 새로운 폼 발견: 3개 입력 요소
2026-03-27 17:16:44,295 - INFO - 📝 새로운 폼 발견: 3개 입력 요소
2026-03-27 17:16:44,315 - INFO - 📝 새로운 폼 발견: 1개 입력 요소
2026-03-27 17:16:44,325 - INFO - 📝 새로운 폼 발견: 1개 입력 요소
2026-03-27 17:16:44,335 - INFO - 📝 새로운 폼 발견: 3개 입력 요소
2026-03-27 17:16:44,352 - INFO - 📝 새로운 폼 발견: 3개 입력 요소
2026-03-27 17:16:44,373 - INFO - 📝 새로운 폼 발견: 1개 입력 요소
2026-03-27 17:16:44,382 - INFO - 📝 새로운 폼 발견: 1개 입력 요소
2026-03-27 17:16:44,392 - INFO - 📝 새로운 폼 발견: 5개 입력 요소
2026-03-27 17:16:44,423 - INFO - 📝 새로운 폼 발견: 5개 입력 요소
2026-03-27 17:16:44,451 - INFO - 📝 새로운 폼 발견: 3개 입력 요소
2026-03-27 17:16:44,469 - INFO - 📝 새로운 폼 발견: 1개 입력 요소
2026-03-27 17:16:44,481 - INFO - 📝 새로운 폼 발견: 5개 입력 요소
2026-03-27 17:16:44,505 - INFO - 📝 새로운 폼 발견: 5개 입력 요소
2026-03-27 17:16:44,534 - INFO - 📝 새로운 폼 발견: 3개 입력 요소
2026-03-27 17:16:44,552 - INFO - 📝 새로운 폼 발견: 1개 입력 요소
2026-03-27 17:16:44,562 - INFO - 📝 새로운 폼 발견: 2개 입력 요소
2026-03-27 17:16:44,574 - INFO - 📝 새로운 폼 발견: 2개 입력 요소
2026-03-27 17:16:44,591 - INFO - 📝 새로운 폼 발견: 1개 입력 요소
2026-03-27 17:16:44,603 - INFO - 📝 새로운 폼 발견: 2개 입력 요소
2026-03-27 17:16:44,614 - INFO - 📝 새로운 폼 발견: 2개 입력 요소
2026-03-27 17:16:44,632 - INFO - 📝 새로운 폼 발견: 1개 입력 요소
2026-03-27 17:16:44,645 - INFO - 📝 새로운 폼 발견: 5개 입력 요소
2026-03-27 17:16:44,670 - INFO - 📝 새로운 폼 발견: 5개 입력 요소
2026-03-27 17:16:44,698 - INFO - 📝 새로운 폼 발견: 3개 입력 요소
2026-03-27 17:16:44,715 - INFO - 📝 새로운 폼 발견: 1개 입력 요소
2026-03-27 17:16:44,725 - INFO - 📝 새로운 폼 발견: 1개 입력 요소
2026-03-27 17:16:44,735 - INFO - 📝 새로운 폼 발견: 3개 입력 요소
2026-03-27 17:16:44,751 - INFO - 📝 새로운 폼 발견: 3개 입력 요소
2026-03-27 17:16:44,774 - INFO - 📝 새로운 폼 발견: 2개 입력 요소
2026-03-27 17:16:44,792 - INFO - 📝 새로운 폼 발견: 1개 입력 요소
2026-03-27 17:16:44,799 - INFO - 📝 새로운 폼 발견: 1개 입력 요소
2026-03-27 17:16:44,808 - INFO - 📝 새로운 폼 발견: 1개 입력 요소
2026-03-27 17:16:44,824 - INFO - 📝 새로운 폼 발견: 1개 입력 요소
2026-03-27 17:16:44,831 - INFO - 📝 새로운 폼 발견: 1개 입력 요소
2026-03-27 17:16:44,847 - INFO - 📝 새로운 폼 발견: 1개 입력 요소
2026-03-27 17:16:44,855 - INFO - 📝 새로운 폼 발견: 1개 입력 요소
2026-03-27 17:16:44,878 - INFO - 📝 새로운 폼 발견: 2개 입력 요소
2026-03-27 17:16:44,890 - INFO - 📝 새로운 폼 발견: 2개 입력 요소
2026-03-27 17:16:44,907 - INFO - 📝 새로운 폼 발견: 1개 입력 요소
2026-03-27 17:16:44,925 - INFO - 📝 새로운 폼 발견: 2개 입력 요소
2026-03-27 17:16:44,937 - INFO - 📝 새로운 폼 발견: 3개 입력 요소
2026-03-27 17:16:44,953 - INFO - 📝 새로운 폼 발견: 3개 입력 요소
2026-03-27 17:16:44,978 - INFO - 📝 새로운 폼 발견: 3개 입력 요소
2026-03-27 17:16:44,994 - INFO - 📝 새로운 폼 발견: 2개 입력 요소
2026-03-27 17:16:45,005 - INFO - 📝 새로운 폼 발견: 2개 입력 요소
2026-03-27 17:16:45,019 - INFO - 📝 새로운 폼 발견: 2개 입력 요소
2026-03-27 17:16:45,031 - INFO - 📝 새로운 폼 발견: 2개 입력 요소
2026-03-27 17:16:45,046 - INFO - 📝 새로운 폼 발견: 1개 입력 요소
2026-03-27 17:16:45,056 - INFO - 👆 클릭 시도: 보험료 재계산하기
2026-03-27 17:16:56,680 - INFO - 🔍 관심 API 발견: POST https://www.kblife.co.kr/online-insurance/API/getOnNotice.do
2026-03-27 17:16:56,970 - INFO - 📋 API 응답 데이터: []...
2026-03-27 17:16:59,975 - INFO - 🎯 클릭으로 새로운 API 발견! (1개)
2026-03-27 17:16:59,989 - INFO - 📝 새로운 폼 발견: 4개 입력 요소
2026-03-27 17:17:00,014 - INFO - 📝 새로운 폼 발견: 13개 입력 요소
2026-03-27 17:17:00,077 - INFO - 📝 새로운 폼 발견: 8개 입력 요소
2026-03-27 17:17:00,082 - INFO - 🎯 나이 입력 필드 발견! name: insureAge
2026-03-27 17:17:00,133 - INFO - 📝 새로운 폼 발견: 3개 입력 요소
2026-03-27 17:17:00,150 - INFO - 📝 새로운 폼 발견: 2개 입력 요소
2026-03-27 17:17:00,163 - INFO - 📝 새로운 폼 발견: 2개 입력 요소
2026-03-27 17:17:00,178 - INFO - 📝 새로운 폼 발견: 15개 입력 요소
2026-03-27 17:17:00,249 - INFO - 📝 새로운 폼 발견: 1개 입력 요소
2026-03-27 17:17:00,259 - INFO - 📝 새로운 폼 발견: 9개 입력 요소
2026-03-27 17:17:00,299 - INFO - 📝 새로운 폼 발견: 6개 입력 요소
2026-03-27 17:17:00,330 - INFO - 📝 새로운 폼 발견: 2개 입력 요소
2026-03-27 17:17:00,342 - INFO - 📝 새로운 폼 발견: 2개 입력 요소
2026-03-27 17:17:00,355 - INFO - 📝 새로운 폼 발견: 2개 입력 요소
2026-03-27 17:17:00,368 - INFO - 📝 새로운 폼 발견: 2개 입력 요소
2026-03-27 17:17:00,381 - INFO - 📝 새로운 폼 발견: 2개 입력 요소
2026-03-27 17:17:00,393 - INFO - 📝 새로운 폼 발견: 2개 입력 요소
2026-03-27 17:17:00,405 - INFO - 📝 새로운 폼 발견: 2개 입력 요소
2026-03-27 17:17:00,417 - INFO - 📝 새로운 폼 발견: 3개 입력 요소
2026-03-27 17:17:00,433 - INFO - 📝 새로운 폼 발견: 3개 입력 요소
2026-03-27 17:17:00,449 - INFO - 📝 새로운 폼 발견: 3개 입력 요소
2026-03-27 17:17:00,465 - INFO - 📝 새로운 폼 발견: 2개 입력 요소
2026-03-27 17:17:00,477 - INFO - 📝 새로운 폼 발견: 2개 입력 요소
2026-03-27 17:17:00,488 - INFO - 📝 새로운 폼 발견: 2개 입력 요소
2026-03-27 17:17:00,499 - INFO - 📝 새로운 폼 발견: 3개 입력 요소
2026-03-27 17:17:00,515 - INFO - 📝 새로운 폼 발견: 2개 입력 요소
2026-03-27 17:17:00,529 - INFO - 📝 새로운 폼 발견: 6개 입력 요소
2026-03-27 17:17:00,558 - INFO - 📝 새로운 폼 발견: 2개 입력 요소
2026-03-27 17:17:00,570 - INFO - 📝 새로운 폼 발견: 2개 입력 요소
2026-03-27 17:17:00,583 - INFO - 📝 새로운 폼 발견: 2개 입력 요소
2026-03-27 17:17:00,596 - INFO - 📝 새로운 폼 발견: 1개 입력 요소
2026-03-27 17:17:00,605 - INFO - 📝 새로운 폼 발견: 3개 입력 요소
2026-03-27 17:17:00,623 - INFO - 📝 새로운 폼 발견: 3개 입력 요소
2026-03-27 17:17:00,639 - INFO - 📝 새로운 폼 발견: 3개 입력 요소
2026-03-27 17:17:00,658 - INFO - 📝 새로운 폼 발견: 3개 입력 요소
2026-03-27 17:17:00,675 - INFO - 📝 새로운 폼 발견: 3개 입력 요소
2026-03-27 17:17:00,691 - INFO - 📝 새로운 폼 발견: 1개 입력 요소
2026-03-27 17:17:00,698 - INFO - 📝 새로운 폼 발견: 2개 입력 요소
2026-03-27 17:17:00,710 - INFO - 📝 새로운 폼 발견: 4개 입력 요소
2026-03-27 17:17:00,731 - INFO - 📝 새로운 폼 발견: 4개 입력 요소
2026-03-27 17:17:00,752 - INFO - 📝 새로운 폼 발견: 1개 입력 요소
2026-03-27 17:17:00,762 - INFO - 📝 새로운 폼 발견: 2개 입력 요소
2026-03-27 17:17:00,773 - INFO - 📝 새로운 폼 발견: 1개 입력 요소
2026-03-27 17:17:00,781 - INFO - 📝 새로운 폼 발견: 2개 입력 요소
2026-03-27 17:17:00,793 - INFO - 📝 새로운 폼 발견: 5개 입력 요소
2026-03-27 17:17:00,817 - INFO - 📝 새로운 폼 발견: 3개 입력 요소
2026-03-27 17:17:00,832 - INFO - 📝 새로운 폼 발견: 3개 입력 요소
2026-03-27 17:17:00,850 - INFO - 📝 새로운 폼 발견: 3개 입력 요소
2026-03-27 17:17:00,866 - INFO - 📝 새로운 폼 발견: 5개 입력 요소
2026-03-27 17:17:00,890 - INFO - 📝 새로운 폼 발견: 5개 입력 요소
2026-03-27 17:17:00,914 - INFO - 📝 새로운 폼 발견: 2개 입력 요소
2026-03-27 17:17:00,925 - INFO - 📝 새로운 폼 발견: 2개 입력 요소
2026-03-27 17:17:00,937 - INFO - 📝 새로운 폼 발견: 5개 입력 요소
2026-03-27 17:17:00,962 - INFO - 📝 새로운 폼 발견: 1개 입력 요소
2026-03-27 17:17:00,970 - INFO - 📝 새로운 폼 발견: 3개 입력 요소
2026-03-27 17:17:00,986 - INFO - 📝 새로운 폼 발견: 1개 입력 요소
2026-03-27 17:17:00,993 - INFO - 📝 새로운 폼 발견: 1개 입력 요소
2026-03-27 17:17:01,001 - INFO - 📝 새로운 폼 발견: 1개 입력 요소
2026-03-27 17:17:01,008 - INFO - 📝 새로운 폼 발견: 2개 입력 요소
2026-03-27 17:17:01,121 - INFO - 📝 새로운 폼 발견: 3개 입력 요소
2026-03-27 17:17:01,138 - INFO - 📝 새로운 폼 발견: 3개 입력 요소
2026-03-27 17:17:01,159 - INFO - 🔍 관심 API 발견: POST https://analytics.google.com/g/collect?v=2&tid=G-9XMYJ3XQF2&gtm=45je63p1v888558539za200zd888558539&_p=1774599389808&gcd=13l3l3l3l1l1&npa=0&dma=0&cid=1954591211.1774599390&ul=ko-kr&sr=1920x1080&uaa=x86&uab=64&uafvl=Chromium%3B145.0.7632.6%7CNot%253AA-Brand%3B99.0.0.0&uamb=0&uam=&uap=Windows&uapv=10.0&uaw=0&are=1&frm=0&pscdl=noapi&_eu=AAAAAGQ&tag_exp=0~115938465~115938469~117384406~117484252&dp=%EB%8C%80%EA%B3%A0%EA%B0%9DPC%3E%EC%98%A8%EB%9D%BC%EC%9D%B8%EB%B3%B4%ED%97%98%3E%EB%B3%B4%ED%97%98%EC%83%81%EC%84%B8%3EKB%20%EC%B0%A9%ED%95%9C%EC%95%94%EB%B3%B4%ED%97%98%20%EB%AC%B4%EB%B0%B0%EB%8B%B9%20%3E%20%EC%98%A8%EB%9D%BC%EC%9D%B8%EB%B3%B4%ED%97%98%20%7C%20KB%EB%9D%BC%EC%9D%B4%ED%94%84%20%EC%83%9D%EB%AA%85&sid=1774599389&sct=1&seg=1&dl=https%3A%2F%2Fwww.kblife.co.kr%2Finsurance-product%2FproductDetails.do%3FlinkCd%3DON_PD_KC_01%26productType%3D5&dt=KB%20%EC%B0%A9%ED%95%9C%EC%95%94%EB%B3%B4%ED%97%98%20%EB%AC%B4%EB%B0%B0%EB%8B%B9%20%3E%20%EC%98%A8%EB%9D%BC%EC%9D%B8%EB%B3%B4%ED%97%98%20%7C%20KB%EB%9D%BC%EC%9D%B4%ED%94%84%20%EC%83%9D%EB%AA%85&_s=4&tfd=33504
2026-03-27 17:17:01,162 - INFO - 🔍 관심 API 발견: POST https://www.google-analytics.com/g/collect?v=2&tid=G-T0WVH888J3&gtm=45je63p1v888558539za200zd888558539&_p=1774599389808&gcd=13l3l3l3l1l1&npa=0&dma=0&cid=1954591211.1774599390&ul=ko-kr&sr=1920x1080&uaa=x86&uab=64&uafvl=Chromium%3B145.0.7632.6%7CNot%253AA-Brand%3B99.0.0.0&uamb=0&uam=&uap=Windows&uapv=10.0&uaw=0&are=1&frm=0&pscdl=noapi&_eu=AAAAAAQ&tag_exp=0~115938465~115938469~117384406~117484252&dp=%EB%8C%80%EA%B3%A0%EA%B0%9DPC%3E%EC%98%A8%EB%9D%BC%EC%9D%B8%EB%B3%B4%ED%97%98%3E%EB%B3%B4%ED%97%98%EC%83%81%EC%84%B8%3EKB%20%EC%B0%A9%ED%95%9C%EC%95%94%EB%B3%B4%ED%97%98%20%EB%AC%B4%EB%B0%B0%EB%8B%B9%20%3E%20%EC%98%A8%EB%9D%BC%EC%9D%B8%EB%B3%B4%ED%97%98%20%7C%20KB%EB%9D%BC%EC%9D%B4%ED%94%84%20%EC%83%9D%EB%AA%85&sid=1774599389&sct=1&seg=1&dl=https%3A%2F%2Fwww.kblife.co.kr%2Finsurance-product%2FproductDetails.do%3FlinkCd%3DON_PD_KC_01%26productType%3D5&dt=KB%20%EC%B0%A9%ED%95%9C%EC%95%94%EB%B3%B4%ED%97%98%20%EB%AC%B4%EB%B0%B0%EB%8B%B9%20%3E%20%EC%98%A8%EB%9D%BC%EC%9D%B8%EB%B3%B4%ED%97%98%20%7C%20KB%EB%9D%BC%EC%9D%B4%ED%94%84%20%EC%83%9D%EB%AA%85&_s=4&tfd=33507
2026-03-27 17:17:01,164 - INFO - 📝 새로운 폼 발견: 2개 입력 요소
2026-03-27 17:17:01,178 - INFO - 📝 새로운 폼 발견: 2개 입력 요소
2026-03-27 17:17:01,191 - INFO - 📝 새로운 폼 발견: 2개 입력 요소
2026-03-27 17:17:01,210 - INFO - 📝 새로운 폼 발견: 1개 입력 요소
2026-03-27 17:17:01,221 - INFO - 📝 새로운 폼 발견: 2개 입력 요소
2026-03-27 17:17:01,234 - INFO - 📝 새로운 폼 발견: 2개 입력 요소
2026-03-27 17:17:01,253 - INFO - 📝 새로운 폼 발견: 1개 입력 요소
2026-03-27 17:17:01,269 - INFO - 📝 새로운 폼 발견: 15개 입력 요소
2026-03-27 17:17:01,346 - INFO - 📝 새로운 폼 발견: 15개 입력 요소
2026-03-27 17:17:01,419 - INFO - 📝 새로운 폼 발견: 13개 입력 요소
2026-03-27 17:17:01,478 - INFO - 📝 새로운 폼 발견: 1개 입력 요소
2026-03-27 17:17:01,491 - INFO - 📝 새로운 폼 발견: 1개 입력 요소
2026-03-27 17:17:01,506 - INFO - 📝 새로운 폼 발견: 9개 입력 요소
2026-03-27 17:17:01,555 - INFO - 📝 새로운 폼 발견: 9개 입력 요소
2026-03-27 17:17:01,607 - INFO - 📝 새로운 폼 발견: 6개 입력 요소
2026-03-27 17:17:01,643 - INFO - 📝 새로운 폼 발견: 2개 입력 요소
2026-03-27 17:17:01,662 - INFO - 📝 새로운 폼 발견: 6개 입력 요소
2026-03-27 17:17:01,692 - INFO - 📝 새로운 폼 발견: 6개 입력 요소
2026-03-27 17:17:01,726 - INFO - 📝 새로운 폼 발견: 4개 입력 요소
2026-03-27 17:17:01,745 - INFO - 📝 새로운 폼 발견: 1개 입력 요소
2026-03-27 17:17:01,755 - INFO - 📝 새로운 폼 발견: 2개 입력 요소
2026-03-27 17:17:01,767 - INFO - 📝 새로운 폼 발견: 2개 입력 요소
2026-03-27 17:17:01,788 - INFO - 📝 새로운 폼 발견: 1개 입력 요소
2026-03-27 17:17:01,800 - INFO - 📝 새로운 폼 발견: 2개 입력 요소
2026-03-27 17:17:01,813 - INFO - 📝 새로운 폼 발견: 2개 입력 요소
2026-03-27 17:17:01,834 - INFO - 📝 새로운 폼 발견: 1개 입력 요소
2026-03-27 17:17:01,847 - INFO - 📝 새로운 폼 발견: 2개 입력 요소
2026-03-27 17:17:01,859 - INFO - 📝 새로운 폼 발견: 2개 입력 요소
2026-03-27 17:17:01,883 - INFO - 📝 새로운 폼 발견: 1개 입력 요소
2026-03-27 17:17:01,896 - INFO - 📝 새로운 폼 발견: 2개 입력 요소
2026-03-27 17:17:01,908 - INFO - 📝 새로운 폼 발견: 2개 입력 요소
2026-03-27 17:17:01,932 - INFO - 📝 새로운 폼 발견: 1개 입력 요소
2026-03-27 17:17:01,947 - INFO - 📝 새로운 폼 발견: 2개 입력 요소
2026-03-27 17:17:01,960 - INFO - 📝 새로운 폼 발견: 2개 입력 요소
2026-03-27 17:17:01,980 - INFO - 📝 새로운 폼 발견: 1개 입력 요소
2026-03-27 17:17:01,992 - INFO - 📝 새로운 폼 발견: 2개 입력 요소
2026-03-27 17:17:02,003 - INFO - 📝 새로운 폼 발견: 2개 입력 요소
2026-03-27 17:17:02,023 - INFO - 📝 새로운 폼 발견: 1개 입력 요소
2026-03-27 17:17:02,035 - INFO - 📝 새로운 폼 발견: 2개 입력 요소
2026-03-27 17:17:02,046 - INFO - 📝 새로운 폼 발견: 2개 입력 요소
2026-03-27 17:17:02,066 - INFO - 📝 새로운 폼 발견: 1개 입력 요소
2026-03-27 17:17:02,077 - INFO - 📝 새로운 폼 발견: 3개 입력 요소
2026-03-27 17:17:02,094 - INFO - 📝 새로운 폼 발견: 3개 입력 요소
2026-03-27 17:17:02,115 - INFO - 📝 새로운 폼 발견: 2개 입력 요소
2026-03-27 17:17:02,129 - INFO - 📝 새로운 폼 발견: 2개 입력 요소
2026-03-27 17:17:02,151 - INFO - 📝 새로운 폼 발견: 3개 입력 요소
2026-03-27 17:17:02,167 - INFO - 📝 새로운 폼 발견: 3개 입력 요소
2026-03-27 17:17:02,188 - INFO - 📝 새로운 폼 발견: 2개 입력 요소
2026-03-27 17:17:02,204 - INFO - 📝 새로운 폼 발견: 2개 입력 요소
2026-03-27 17:17:02,221 - INFO - 📝 새로운 폼 발견: 3개 입력 요소
2026-03-27 17:17:02,238 - INFO - 📝 새로운 폼 발견: 3개 입력 요소
2026-03-27 17:17:02,258 - INFO - 📝 새로운 폼 발견: 2개 입력 요소
2026-03-27 17:17:02,273 - INFO - 📝 새로운 폼 발견: 2개 입력 요소
2026-03-27 17:17:02,290 - INFO - 📝 새로운 폼 발견: 2개 입력 요소
2026-03-27 17:17:02,302 - INFO - 📝 새로운 폼 발견: 2개 입력 요소
2026-03-27 17:17:02,323 - INFO - 📝 새로운 폼 발견: 1개 입력 요소
2026-03-27 17:17:02,335 - INFO - 📝 새로운 폼 발견: 2개 입력 요소
2026-03-27 17:17:02,346 - INFO - 📝 새로운 폼 발견: 2개 입력 요소
2026-03-27 17:17:02,366 - INFO - 📝 새로운 폼 발견: 1개 입력 요소
2026-03-27 17:17:02,377 - INFO - 📝 새로운 폼 발견: 2개 입력 요소
2026-03-27 17:17:02,389 - INFO - 📝 새로운 폼 발견: 2개 입력 요소
2026-03-27 17:17:02,409 - INFO - 📝 새로운 폼 발견: 1개 입력 요소
2026-03-27 17:17:02,421 - INFO - 📝 새로운 폼 발견: 3개 입력 요소
2026-03-27 17:17:02,437 - INFO - 📝 새로운 폼 발견: 3개 입력 요소
2026-03-27 17:17:02,458 - INFO - 📝 새로운 폼 발견: 2개 입력 요소
2026-03-27 17:17:02,473 - INFO - 📝 새로운 폼 발견: 2개 입력 요소
2026-03-27 17:17:02,483 - INFO - 📝 새로운 폼 발견: 2개 입력 요소
2026-03-27 17:17:02,510 - INFO - 📝 새로운 폼 발견: 1개 입력 요소
2026-03-27 17:17:02,523 - INFO - 📝 새로운 폼 발견: 6개 입력 요소
2026-03-27 17:17:02,553 - INFO - 📝 새로운 폼 발견: 6개 입력 요소
2026-03-27 17:17:02,586 - INFO - 📝 새로운 폼 발견: 3개 입력 요소
2026-03-27 17:17:02,605 - INFO - 📝 새로운 폼 발견: 2개 입력 요소
2026-03-27 17:17:02,619 - INFO - 📝 새로운 폼 발견: 2개 입력 요소
2026-03-27 17:17:02,631 - INFO - 📝 새로운 폼 발견: 2개 입력 요소
2026-03-27 17:17:02,645 - INFO - 📝 새로운 폼 발견: 1개 입력 요소
2026-03-27 17:17:02,655 - INFO - 📝 새로운 폼 발견: 2개 입력 요소
2026-03-27 17:17:02,666 - INFO - 📝 새로운 폼 발견: 2개 입력 요소
2026-03-27 17:17:02,681 - INFO - 📝 새로운 폼 발견: 1개 입력 요소
2026-03-27 17:17:02,691 - INFO - 📝 새로운 폼 발견: 2개 입력 요소
2026-03-27 17:17:02,703 - INFO - 📝 새로운 폼 발견: 2개 입력 요소
2026-03-27 17:17:02,724 - INFO - 📝 새로운 폼 발견: 1개 입력 요소
2026-03-27 17:17:02,738 - INFO - 📝 새로운 폼 발견: 1개 입력 요소
2026-03-27 17:17:02,747 - INFO - 📝 새로운 폼 발견: 1개 입력 요소
2026-03-27 17:17:02,761 - INFO - 📝 새로운 폼 발견: 1개 입력 요소
2026-03-27 17:17:02,769 - INFO - 📝 새로운 폼 발견: 3개 입력 요소
2026-03-27 17:17:02,784 - INFO - 📝 새로운 폼 발견: 3개 입력 요소
2026-03-27 17:17:02,804 - INFO - 📝 새로운 폼 발견: 2개 입력 요소
2026-03-27 17:17:02,818 - INFO - 📝 새로운 폼 발견: 1개 입력 요소
2026-03-27 17:17:02,829 - INFO - 📝 새로운 폼 발견: 3개 입력 요소
2026-03-27 17:17:02,846 - INFO - 📝 새로운 폼 발견: 3개 입력 요소
2026-03-27 17:17:02,868 - INFO - 📝 새로운 폼 발견: 2개 입력 요소
2026-03-27 17:17:02,888 - INFO - 📝 새로운 폼 발견: 3개 입력 요소
2026-03-27 17:17:02,906 - INFO - 📝 새로운 폼 발견: 3개 입력 요소
2026-03-27 17:17:02,929 - INFO - 📝 새로운 폼 발견: 2개 입력 요소
2026-03-27 17:17:02,947 - INFO - 📝 새로운 폼 발견: 3개 입력 요소
2026-03-27 17:17:02,962 - INFO - 📝 새로운 폼 발견: 3개 입력 요소
2026-03-27 17:17:02,985 - INFO - 📝 새로운 폼 발견: 2개 입력 요소
2026-03-27 17:17:03,003 - INFO - 📝 새로운 폼 발견: 3개 입력 요소
2026-03-27 17:17:03,018 - INFO - 📝 새로운 폼 발견: 3개 입력 요소
2026-03-27 17:17:03,039 - INFO - 📝 새로운 폼 발견: 2개 입력 요소
2026-03-27 17:17:03,056 - INFO - 📝 새로운 폼 발견: 1개 입력 요소
2026-03-27 17:17:03,063 - INFO - 📝 새로운 폼 발견: 1개 입력 요소
2026-03-27 17:17:03,077 - INFO - 📝 새로운 폼 발견: 1개 입력 요소
2026-03-27 17:17:03,087 - INFO - 📝 새로운 폼 발견: 2개 입력 요소
2026-03-27 17:17:03,098 - INFO - 📝 새로운 폼 발견: 2개 입력 요소
2026-03-27 17:17:03,117 - INFO - 📝 새로운 폼 발견: 2개 입력 요소
2026-03-27 17:17:03,132 - INFO - 📝 새로운 폼 발견: 4개 입력 요소
2026-03-27 17:17:03,151 - INFO - 📝 새로운 폼 발견: 4개 입력 요소
2026-03-27 17:17:03,174 - INFO - 📝 새로운 폼 발견: 2개 입력 요소
2026-03-27 17:17:03,188 - INFO - 📝 새로운 폼 발견: 1개 입력 요소
2026-03-27 17:17:03,198 - INFO - 📝 새로운 폼 발견: 4개 입력 요소
2026-03-27 17:17:03,217 - INFO - 📝 새로운 폼 발견: 4개 입력 요소
2026-03-27 17:17:03,240 - INFO - 📝 새로운 폼 발견: 2개 입력 요소
2026-03-27 17:17:03,253 - INFO - 📝 새로운 폼 발견: 1개 입력 요소
2026-03-27 17:17:03,262 - INFO - 📝 새로운 폼 발견: 1개 입력 요소
2026-03-27 17:17:03,269 - INFO - 📝 새로운 폼 발견: 1개 입력 요소
2026-03-27 17:17:03,289 - INFO - 📝 새로운 폼 발견: 2개 입력 요소
2026-03-27 17:17:03,300 - INFO - 📝 새로운 폼 발견: 2개 입력 요소
2026-03-27 17:17:03,317 - INFO - 📝 새로운 폼 발견: 1개 입력 요소
2026-03-27 17:17:03,331 - INFO - 📝 새로운 폼 발견: 1개 입력 요소
2026-03-27 17:17:03,339 - INFO - 📝 새로운 폼 발견: 1개 입력 요소
2026-03-27 17:17:03,354 - INFO - 📝 새로운 폼 발견: 2개 입력 요소
2026-03-27 17:17:03,366 - INFO - 📝 새로운 폼 발견: 2개 입력 요소
2026-03-27 17:17:03,382 - INFO - 📝 새로운 폼 발견: 1개 입력 요소
2026-03-27 17:17:03,392 - INFO - 📝 새로운 폼 발견: 5개 입력 요소
2026-03-27 17:17:03,416 - INFO - 📝 새로운 폼 발견: 5개 입력 요소
2026-03-27 17:17:03,443 - INFO - 📝 새로운 폼 발견: 2개 입력 요소
2026-03-27 17:17:03,455 - INFO - 📝 새로운 폼 발견: 1개 입력 요소
2026-03-27 17:17:03,462 - INFO - 📝 새로운 폼 발견: 1개 입력 요소
2026-03-27 17:17:03,472 - INFO - 📝 새로운 폼 발견: 2개 입력 요소
2026-03-27 17:17:03,486 - INFO - 📝 새로운 폼 발견: 2개 입력 요소
2026-03-27 17:17:03,503 - INFO - 📝 새로운 폼 발견: 3개 입력 요소
2026-03-27 17:17:03,519 - INFO - 📝 새로운 폼 발견: 3개 입력 요소
2026-03-27 17:17:03,539 - INFO - 📝 새로운 폼 발견: 1개 입력 요소
2026-03-27 17:17:03,549 - INFO - 📝 새로운 폼 발견: 1개 입력 요소
2026-03-27 17:17:03,560 - INFO - 📝 새로운 폼 발견: 3개 입력 요소
2026-03-27 17:17:03,577 - INFO - 📝 새로운 폼 발견: 3개 입력 요소
2026-03-27 17:17:03,597 - INFO - 📝 새로운 폼 발견: 1개 입력 요소
2026-03-27 17:17:03,607 - INFO - 📝 새로운 폼 발견: 1개 입력 요소
2026-03-27 17:17:03,617 - INFO - 📝 새로운 폼 발견: 3개 입력 요소
2026-03-27 17:17:03,632 - INFO - 📝 새로운 폼 발견: 3개 입력 요소
2026-03-27 17:17:03,652 - INFO - 📝 새로운 폼 발견: 1개 입력 요소
2026-03-27 17:17:03,661 - INFO - 📝 새로운 폼 발견: 1개 입력 요소
2026-03-27 17:17:03,671 - INFO - 📝 새로운 폼 발견: 5개 입력 요소
2026-03-27 17:17:03,695 - INFO - 📝 새로운 폼 발견: 5개 입력 요소
2026-03-27 17:17:03,722 - INFO - 📝 새로운 폼 발견: 3개 입력 요소
2026-03-27 17:17:03,738 - INFO - 📝 새로운 폼 발견: 1개 입력 요소
2026-03-27 17:17:03,749 - INFO - 📝 새로운 폼 발견: 5개 입력 요소
2026-03-27 17:17:03,771 - INFO - 📝 새로운 폼 발견: 5개 입력 요소
2026-03-27 17:17:03,801 - INFO - 📝 새로운 폼 발견: 3개 입력 요소
2026-03-27 17:17:03,818 - INFO - 📝 새로운 폼 발견: 1개 입력 요소
2026-03-27 17:17:03,828 - INFO - 📝 새로운 폼 발견: 2개 입력 요소
2026-03-27 17:17:03,840 - INFO - 📝 새로운 폼 발견: 2개 입력 요소
2026-03-27 17:17:03,859 - INFO - 📝 새로운 폼 발견: 1개 입력 요소
2026-03-27 17:17:03,871 - INFO - 📝 새로운 폼 발견: 2개 입력 요소
2026-03-27 17:17:03,882 - INFO - 📝 새로운 폼 발견: 2개 입력 요소
2026-03-27 17:17:03,900 - INFO - 📝 새로운 폼 발견: 1개 입력 요소
2026-03-27 17:17:03,912 - INFO - 📝 새로운 폼 발견: 5개 입력 요소
2026-03-27 17:17:03,935 - INFO - 📝 새로운 폼 발견: 5개 입력 요소
2026-03-27 17:17:03,963 - INFO - 📝 새로운 폼 발견: 3개 입력 요소
2026-03-27 17:17:03,979 - INFO - 📝 새로운 폼 발견: 1개 입력 요소
2026-03-27 17:17:03,989 - INFO - 📝 새로운 폼 발견: 1개 입력 요소
2026-03-27 17:17:03,998 - INFO - 📝 새로운 폼 발견: 3개 입력 요소
2026-03-27 17:17:04,013 - INFO - 📝 새로운 폼 발견: 3개 입력 요소
2026-03-27 17:17:04,034 - INFO - 📝 새로운 폼 발견: 2개 입력 요소
2026-03-27 17:17:04,051 - INFO - 📝 새로운 폼 발견: 1개 입력 요소
2026-03-27 17:17:04,058 - INFO - 📝 새로운 폼 발견: 1개 입력 요소
2026-03-27 17:17:04,066 - INFO - 📝 새로운 폼 발견: 1개 입력 요소
2026-03-27 17:17:04,081 - INFO - 📝 새로운 폼 발견: 1개 입력 요소
2026-03-27 17:17:04,088 - INFO - 📝 새로운 폼 발견: 1개 입력 요소
2026-03-27 17:17:04,103 - INFO - 📝 새로운 폼 발견: 1개 입력 요소
2026-03-27 17:17:04,111 - INFO - 📝 새로운 폼 발견: 1개 입력 요소
2026-03-27 17:17:04,134 - INFO - 📝 새로운 폼 발견: 2개 입력 요소
2026-03-27 17:17:04,145 - INFO - 📝 새로운 폼 발견: 2개 입력 요소
2026-03-27 17:17:04,163 - INFO - 📝 새로운 폼 발견: 1개 입력 요소
2026-03-27 17:17:04,182 - INFO - 📝 새로운 폼 발견: 2개 입력 요소
2026-03-27 17:17:04,193 - INFO - 📝 새로운 폼 발견: 3개 입력 요소
2026-03-27 17:17:04,209 - INFO - 📝 새로운 폼 발견: 3개 입력 요소
2026-03-27 17:17:04,224 - INFO - 📝 새로운 폼 발견: 3개 입력 요소
2026-03-27 17:17:04,239 - INFO - 📝 새로운 폼 발견: 2개 입력 요소
2026-03-27 17:17:04,252 - INFO - 📝 새로운 폼 발견: 2개 입력 요소
2026-03-27 17:17:04,264 - INFO - 📝 새로운 폼 발견: 2개 입력 요소
2026-03-27 17:17:04,276 - INFO - 📝 새로운 폼 발견: 2개 입력 요소
2026-03-27 17:17:04,292 - INFO - 📝 새로운 폼 발견: 1개 입력 요소
2026-03-27 17:17:04,301 - INFO - 👆 클릭 시도: 다시 계산하기
2026-03-27 17:17:34,319 - INFO - 👆 클릭 시도: 다시 계산하기
2026-03-27 17:18:04,327 - INFO - 👆 클릭 시도: 가입하기
2026-03-27 17:18:37,341 - INFO - 🔍 상호작용 요소 탐지 중...
2026-03-27 17:18:37,364 - INFO - ✅ 요소 발견: BUTTON - 예상보험료 계산하기
2026-03-27 17:18:37,372 - INFO - ✅ 요소 발견: BUTTON - 보험료 재계산하기
2026-03-27 17:18:37,380 - INFO - ✅ 요소 발견: BUTTON - 다시 계산하기
2026-03-27 17:18:37,388 - INFO - ✅ 요소 발견: BUTTON - 다시 계산하기
2026-03-27 17:18:37,406 - INFO - ✅ 요소 발견: BUTTON - 가입하기
2026-03-27 17:18:37,414 - INFO - ✅ 요소 발견: BUTTON - 바로 가입하기
2026-03-27 17:18:37,421 - INFO - ✅ 요소 발견: BUTTON - 보험가입하기
2026-03-27 17:18:37,430 - INFO - ✅ 요소 발견: BUTTON - 보험가입하기
2026-03-27 17:18:37,437 - INFO - ✅ 요소 발견: BUTTON - 보험가입하기
2026-03-27 17:18:37,451 - INFO - ✅ 요소 발견: BUTTON - 상담신청
2026-03-27 17:18:37,459 - INFO - ✅ 요소 발견: BUTTON - 상담 신청하기
2026-03-27 17:18:37,497 - INFO - ✅ 요소 발견: INPUT - 
2026-03-27 17:18:37,506 - INFO - ✅ 요소 발견: INPUT - 
2026-03-27 17:18:37,514 - INFO - ✅ 요소 발견: INPUT - 
2026-03-27 17:18:37,522 - INFO - ✅ 요소 발견: INPUT - 
2026-03-27 17:18:37,531 - INFO - ✅ 요소 발견: INPUT - 
2026-03-27 17:18:37,544 - INFO - ✅ 요소 발견: INPUT - 
2026-03-27 17:18:37,554 - INFO - ✅ 요소 발견: INPUT - 
2026-03-27 17:18:37,562 - INFO - ✅ 요소 발견: INPUT - 
2026-03-27 17:18:37,571 - INFO - ✅ 요소 발견: INPUT - 
2026-03-27 17:18:37,578 - INFO - ✅ 요소 발견: INPUT - 
2026-03-27 17:18:37,586 - INFO - ✅ 요소 발견: INPUT - 
2026-03-27 17:18:37,593 - INFO - ✅ 요소 발견: INPUT - 
2026-03-27 17:18:37,602 - INFO - ✅ 요소 발견: INPUT - 
2026-03-27 17:18:37,610 - INFO - ✅ 요소 발견: INPUT - 
2026-03-27 17:18:37,618 - INFO - ✅ 요소 발견: INPUT - 
2026-03-27 17:18:37,625 - INFO - ✅ 요소 발견: INPUT - 
2026-03-27 17:18:37,633 - INFO - ✅ 요소 발견: INPUT - 
2026-03-27 17:18:37,641 - INFO - ✅ 요소 발견: INPUT - 
2026-03-27 17:18:37,649 - INFO - ✅ 요소 발견: INPUT - 
2026-03-27 17:18:37,658 - INFO - ✅ 요소 발견: INPUT - 
2026-03-27 17:18:37,666 - INFO - ✅ 요소 발견: INPUT - 
2026-03-27 17:18:37,673 - INFO - ✅ 요소 발견: INPUT - 
2026-03-27 17:18:37,683 - INFO - ✅ 요소 발견: INPUT - 
2026-03-27 17:18:37,691 - INFO - ✅ 요소 발견: INPUT - 
2026-03-27 17:18:37,701 - INFO - ✅ 요소 발견: INPUT - 
2026-03-27 17:18:37,709 - INFO - ✅ 요소 발견: INPUT - 
2026-03-27 17:18:37,717 - INFO - ✅ 요소 발견: INPUT - 
2026-03-27 17:18:37,725 - INFO - ✅ 요소 발견: INPUT - 
2026-03-27 17:18:37,733 - INFO - ✅ 요소 발견: INPUT - 
2026-03-27 17:18:37,741 - INFO - ✅ 요소 발견: INPUT - 
2026-03-27 17:18:37,748 - INFO - ✅ 요소 발견: INPUT - 
2026-03-27 17:18:37,756 - INFO - ✅ 요소 발견: INPUT - 
2026-03-27 17:18:37,763 - INFO - ✅ 요소 발견: INPUT - 
2026-03-27 17:18:37,771 - INFO - ✅ 요소 발견: INPUT - 
2026-03-27 17:18:37,780 - INFO - ✅ 요소 발견: INPUT - 
2026-03-27 17:18:37,787 - INFO - ✅ 요소 발견: INPUT - 
2026-03-27 17:18:37,795 - INFO - ✅ 요소 발견: INPUT - 
2026-03-27 17:18:37,803 - INFO - ✅ 요소 발견: INPUT - 
2026-03-27 17:18:37,811 - INFO - ✅ 요소 발견: INPUT - 
2026-03-27 17:18:37,820 - INFO - ✅ 요소 발견: INPUT - 
2026-03-27 17:18:37,828 - INFO - ✅ 요소 발견: INPUT - 
2026-03-27 17:18:37,836 - INFO - ✅ 요소 발견: INPUT - 
2026-03-27 17:18:37,843 - INFO - ✅ 요소 발견: INPUT - 
2026-03-27 17:18:37,851 - INFO - ✅ 요소 발견: INPUT - 
2026-03-27 17:18:37,858 - INFO - ✅ 요소 발견: INPUT - 
2026-03-27 17:18:37,866 - INFO - ✅ 요소 발견: INPUT - 
2026-03-27 17:18:37,874 - INFO - ✅ 요소 발견: INPUT - 
2026-03-27 17:18:37,881 - INFO - ✅ 요소 발견: INPUT - 
2026-03-27 17:18:37,888 - INFO - ✅ 요소 발견: INPUT - 
2026-03-27 17:18:37,896 - INFO - ✅ 요소 발견: INPUT - 
2026-03-27 17:18:37,925 - INFO - ✅ 요소 발견: A - 셀프 연금계산기
2026-03-27 17:18:37,932 - INFO - ✅ 요소 발견: A - 셀프 연금계산기
2026-03-27 17:18:37,940 - INFO - ✅ 요소 발견: A - 보험료계산
2026-03-27 17:18:37,947 - INFO - ✅ 요소 발견: A - 보험료계산
2026-03-27 17:18:37,965 - INFO - ✅ 요소 발견: DIV - 바로 가입하기
                        상담 신청하기
          
2026-03-27 17:18:37,973 - INFO - ✅ 요소 발견: DIV - 바로 가입하기
                        상담 신청하기
          
2026-03-27 17:18:37,981 - INFO - ✅ 요소 발견: BUTTON - 다시 계산하기
2026-03-27 17:18:37,989 - INFO - ✅ 요소 발견: BUTTON - 다시 계산하기
2026-03-27 17:18:37,998 - INFO - ✅ 요소 발견: SECTION - 
2026-03-27 17:18:38,014 - INFO - ✅ 요소 발견: SECTION - 
2026-03-27 17:18:38,026 - INFO - ✅ 요소 발견: BUTTON - 예상보험료 계산하기
2026-03-27 17:18:38,033 - INFO - ✅ 요소 발견: LI - 보험료계산
2026-03-27 17:18:38,041 - INFO - ✅ 요소 발견: LI - 보험료계산
2026-03-27 17:18:38,061 - INFO - ✅ 요소 발견: DIV - 보험료 계산 결과
                                
       
2026-03-27 17:18:38,071 - INFO - ✅ 요소 발견: DIV - 
2026-03-27 17:18:38,090 - INFO - ✅ 요소 발견: SECTION - 
2026-03-27 17:18:38,097 - INFO - ✅ 요소 발견: DIV - 
2026-03-27 17:18:43,269 - INFO - 📄 페이지 분석 시작: https://www.kblife.co.kr/insurance-product/productDetails.do?linkCd=ON_PD_YG_01&productType=5
2026-03-27 17:18:44,004 - INFO - 🔍 관심 API 발견: GET https://www.kblife.co.kr/insurance-product/productDetails.do?linkCd=ON_PD_YG_01&productType=5
2026-03-27 17:18:44,356 - INFO - 🔍 관심 API 발견: GET https://www.kblife.co.kr/res/pc/js/insurance-product/productNoticePop.js
2026-03-27 17:18:44,361 - INFO - 🔍 관심 API 발견: GET https://www.kblife.co.kr/res/pc/js/info-notice.js
2026-03-27 17:18:44,361 - INFO - 🔍 관심 API 발견: GET https://www.kblife.co.kr/res/pc/js/insurance-product/productDetail.js
2026-03-27 17:18:44,431 - INFO - 🔍 관심 API 발견: GET https://www.kblife.co.kr/res/pc/css/dpa-detail.css
2026-03-27 17:18:44,883 - INFO - 🔍 관심 API 발견: GET https://www.kblife.co.kr/res/pc/img/product/img-prod-visual-00.png
2026-03-27 17:18:44,884 - INFO - 🔍 관심 API 발견: GET https://www.kblife.co.kr/res/pc/img/insurance-product/ico-product-info-txt1.png
2026-03-27 17:18:44,884 - INFO - 🔍 관심 API 발견: GET https://www.kblife.co.kr/res/pc/img/product/gender_man_off.png
2026-03-27 17:18:44,885 - INFO - 🔍 관심 API 발견: GET https://www.kblife.co.kr/res/pc/img/product/gender_woman_off.png
2026-03-27 17:18:44,887 - INFO - 🔍 관심 API 발견: GET https://www.kblife.co.kr/res/pc/img/product/btn_chatting_v2_1.png
2026-03-27 17:18:44,887 - INFO - 🔍 관심 API 발견: GET https://www.kblife.co.kr/res/pc/img/product/btn_chatting_v2_2.png
2026-03-27 17:18:45,042 - INFO - 🔍 관심 API 발견: POST https://www.kblife.co.kr/m/insurance-product/searchProduct.do
2026-03-27 17:18:45,326 - INFO - 🔍 관심 API 발견: GET https://www.kblife.co.kr/api/product/product-link/ON_PD_YG_01
2026-03-27 17:18:45,329 - INFO - 🔍 관심 API 발견: GET https://bc.ad.daum.net/bc?d=%7B%22track_id%22%3A%227380488690011423282%22%2C%22event_code%22%3A%22PageView%22%2C%22params%22%3A%7B%22tag%22%3A%22KBlife_2023%22%7D%2C%22props%22%3A%7B%22lmt%22%3A%22N%22%7D%2C%22site%22%3A%7B%22identifier%22%3A%22www.kblife.co.kr%22%7D%2C%22sdk%22%3A%7B%22type%22%3A%22WEB%22%2C%22version%22%3A%221.6.4%22%2C%22tpc%22%3A%22Y%22%7D%2C%22page%22%3A%7B%22url%22%3A%22https%3A%2F%2Fwww.kblife.co.kr%2Finsurance-product%2FproductDetails.do%3FlinkCd%3DON_PD_YG_01%26productType%3D5%22%2C%22is_frame_env%22%3Afalse%7D%2C%22device%22%3A%7B%22dnt%22%3A%22N%22%2C%22device_type%22%3A%22pc%22%2C%22is_mobile%22%3A%22N%22%2C%22browser%22%3A%22Chromium%22%2C%22browser_version%22%3A%22145.0.7632.6%22%2C%22os%22%3A%22Windows%22%2C%22os_version%22%3A%2210.0%22%7D%7D
2026-03-27 17:18:45,333 - INFO - 📋 API 응답 데이터: {
  "kbl_productList": [
    {
      "SPCF_STMT": "",
      "CTGR_CD": "05",
      "SCR_EPOS_RANK": "70",
      "PROD_LNK_CD": "ON_PD_YG_01",
      "PTN": "2222",
      "PROD_KND": "INS03",
      "PROD_CD": "337600104",
      "AMT_VIEW_YN": "Y",
      "TTL_SALE_CHNL": "1004",
      "KWD": "",
      "ID": "501615944",
      "CMM_LGC": "",
      "ANNT_YN": "",
      "FUND_YN": "",
      "CORP_TP_CD": "3",
      "CTGR_NM": "온라인",
      "SPCF": "",
      "MAIN_EPOS_MOB_DTL_URL": "/mobile-view/produc...
2026-03-27 17:18:45,365 - INFO - 🔍 관심 API 발견: GET https://wan.kbdmp.com/provider?client_id=WA-0014&isCookie=true&page_location=https%3A%2F%2Fwww.kblife.co.kr%2Finsurance-product%2FproductDetails.do%3FlinkCd%3DON_PD_YG_01%26productType%3D5&page_referrer=&session_id=%7C1774599525363&session_start=1774599525363&language=ko&country=KR&page_title=KB%20%EB%94%B1%EC%A2%8B%EC%9D%80%20e-%EA%B1%B4%EA%B0%95%EB%B3%B4%ED%97%98%20%EB%AC%B4%EB%B0%B0%EB%8B%B9(%EA%B0%B1%EC%8B%A0%ED%98%95)(%EC%9D%BC%EB%B0%98%EC%8B%AC%EC%82%AC%ED%98%95)(%ED%95%B4%EC%95%BD%ED%99%98%EA%B8%89%EA%B8%88%20%EB%AF%B8%EC%A7%80%EA%B8%89%ED%98%95)&screen_resolution=1920X1080&_m_uid=&user_attribute=%7B%7D&event_type=page_view&event_category=&event_label=&search_term=&_oaid=&event_attribute=%7B%7D
2026-03-27 17:18:45,410 - INFO - 🔍 관심 API 발견: GET https://www.kblife.co.kr/api/product/product-details/501615944
2026-03-27 17:18:45,410 - INFO - 📋 API 응답 데이터: 501615944...
2026-03-27 17:18:45,544 - INFO - 🔍 관심 API 발견: GET https://www.kblife.co.kr/contents/channel/product/image/%EC%83%81%ED%92%88%EB%B0%B0%EB%84%88_%EB%94%B1%EC%A2%8B%EC%9D%80e%EA%B1%B4%EA%B0%95_pc_%EC%9D%BC%EB%B0%98_20260129143724.png
2026-03-27 17:18:45,544 - INFO - 🔍 관심 API 발견: GET https://www.kblife.co.kr/res/pc/img/product/icon/prd_online_cs_icn_7.png
2026-03-27 17:18:45,577 - INFO - 📋 API 응답 데이터: {
  "id": "501615944",
  "entityVersion": 113,
  "productCode": "337600104",
  "productName": "KB 딱좋은 e-건강보험 무배당(갱신형)(일반심사형)(해약환급금 미지급형)",
  "productKind": "INS03",
  "amtViewYn": "Y",
  "categoryCode": "05",
  "categoryName": "건강보험",
  "channel": "1004",
  "spcf": null,
  "spcfMobile": null,
  "homepageNoticeYn": "Y",
  "productGuidanceExplain": null,
  "productImageUrl": null,
  "productIntroduceContent": "<style type=\"text/css\">.p-product-list * {font-size:16px;word-break: keep-all;font-fam...
2026-03-27 17:18:45,583 - INFO - 🔍 관심 API 발견: GET https://www.kblife.co.kr/m/insurance-product/searchProductType02.do?sorting=SCR_EPOS_RANK&productType=5&
2026-03-27 17:18:46,206 - INFO - 🔍 관심 API 발견: GET https://www.kblife.co.kr/api/insuranceplan/insuranceplan-code/product-special-qualities
2026-03-27 17:18:46,370 - INFO - 🔍 관심 API 발견: POST https://analytics.google.com/g/collect?v=2&tid=G-9XMYJ3XQF2&gtm=45je63p1v888558539za200zd888558539&_p=1774599526335&_gaz=1&gcd=13l3l3l3l1l1&npa=0&dma=0&cid=399020213.1774599526&ul=ko-kr&sr=1920x1080&uaa=x86&uab=64&uafvl=Chromium%3B145.0.7632.6%7CNot%253AA-Brand%3B99.0.0.0&uamb=0&uam=&uap=Windows&uapv=10.0&uaw=0&are=1&frm=0&pscdl=noapi&_eu=AAAAAGA&_s=1&tag_exp=0~115616985~115938465~115938469~117484252~117884344&dp=%EB%8C%80%EA%B3%A0%EA%B0%9DPC%3E%EC%98%A8%EB%9D%BC%EC%9D%B8%EB%B3%B4%ED%97%98%3E%EB%B3%B4%ED%97%98%EC%83%81%EC%84%B8%3EKB%20%EB%94%B1%EC%A2%8B%EC%9D%80%20e-%EA%B1%B4%EA%B0%95%EB%B3%B4%ED%97%98%20%EB%AC%B4%EB%B0%B0%EB%8B%B9(%EA%B0%B1%EC%8B%A0%ED%98%95)(%EC%9D%BC%EB%B0%98%EC%8B%AC%EC%82%AC%ED%98%95)(%ED%95%B4%EC%95%BD%ED%99%98%EA%B8%89%EA%B8%88%20%EB%AF%B8%EC%A7%80%EA%B8%89%ED%98%95)%20%3E%20%EC%98%A8%EB%9D%BC%EC%9D%B8%EB%B3%B4%ED%97%98%20%7C%20KB%EB%9D%BC%EC%9D%B4%ED%94%84%20%EC%83%9D%EB%AA%85&sid=1774599526&sct=1&seg=0&dl=https%3A%2F%2Fwww.kblife.co.kr%2Finsurance-product%2FproductDetails.do%3FlinkCd%3DON_PD_YG_01%26productType%3D5&dt=KB%20%EB%94%B1%EC%A2%8B%EC%9D%80%20e-%EA%B1%B4%EA%B0%95%EB%B3%B4%ED%97%98%20%EB%AC%B4%EB%B0%B0%EB%8B%B9(%EA%B0%B1%EC%8B%A0%ED%98%95)(%EC%9D%BC%EB%B0%98%EC%8B%AC%EC%82%AC%ED%98%95)(%ED%95%B4%EC%95%BD%ED%99%98%EA%B8%89%EA%B8%88%20%EB%AF%B8%EC%A7%80%EA%B8%89%ED%98%95)%20%3E%20%EC%98%A8%EB%9D%BC%EC%9D%B8%EB%B3%B4%ED%97%98%20%7C%20KB%EB%9D%BC%EC%9D%B4%ED%94%84%20%EC%83%9D%EB%AA%85&tfd=2355
2026-03-27 17:18:46,371 - INFO - 🔍 관심 API 발견: POST https://www.google-analytics.com/g/collect?v=2&tid=G-T0WVH888J3&gtm=45je63p1v888558539za200zd888558539&_p=1774599526335&gcd=13l3l3l3l1l1&npa=0&dma=0&cid=399020213.1774599526&ul=ko-kr&sr=1920x1080&uaa=x86&uab=64&uafvl=Chromium%3B145.0.7632.6%7CNot%253AA-Brand%3B99.0.0.0&uamb=0&uam=&uap=Windows&uapv=10.0&uaw=0&are=1&frm=0&pscdl=noapi&_s=1&tag_exp=0~115616985~115938465~115938469~117484252~117884344&dp=%EB%8C%80%EA%B3%A0%EA%B0%9DPC%3E%EC%98%A8%EB%9D%BC%EC%9D%B8%EB%B3%B4%ED%97%98%3E%EB%B3%B4%ED%97%98%EC%83%81%EC%84%B8%3EKB%20%EB%94%B1%EC%A2%8B%EC%9D%80%20e-%EA%B1%B4%EA%B0%95%EB%B3%B4%ED%97%98%20%EB%AC%B4%EB%B0%B0%EB%8B%B9(%EA%B0%B1%EC%8B%A0%ED%98%95)(%EC%9D%BC%EB%B0%98%EC%8B%AC%EC%82%AC%ED%98%95)(%ED%95%B4%EC%95%BD%ED%99%98%EA%B8%89%EA%B8%88%20%EB%AF%B8%EC%A7%80%EA%B8%89%ED%98%95)%20%3E%20%EC%98%A8%EB%9D%BC%EC%9D%B8%EB%B3%B4%ED%97%98%20%7C%20KB%EB%9D%BC%EC%9D%B4%ED%94%84%20%EC%83%9D%EB%AA%85&sid=1774599526&sct=1&seg=0&dl=https%3A%2F%2Fwww.kblife.co.kr%2Finsurance-product%2FproductDetails.do%3FlinkCd%3DON_PD_YG_01%26productType%3D5&dt=KB%20%EB%94%B1%EC%A2%8B%EC%9D%80%20e-%EA%B1%B4%EA%B0%95%EB%B3%B4%ED%97%98%20%EB%AC%B4%EB%B0%B0%EB%8B%B9(%EA%B0%B1%EC%8B%A0%ED%98%95)(%EC%9D%BC%EB%B0%98%EC%8B%AC%EC%82%AC%ED%98%95)(%ED%95%B4%EC%95%BD%ED%99%98%EA%B8%89%EA%B8%88%20%EB%AF%B8%EC%A7%80%EA%B8%89%ED%98%95)%20%3E%20%EC%98%A8%EB%9D%BC%EC%9D%B8%EB%B3%B4%ED%97%98%20%7C%20KB%EB%9D%BC%EC%9D%B4%ED%94%84%20%EC%83%9D%EB%AA%85&tfd=2361
2026-03-27 17:18:46,382 - INFO - 📋 API 응답 데이터: {
  "kbl_productList": [
    {
      "ANNT_YN": "Y",
      "PROD_SPCQ_1": "10년 또는 12년 장기납입 설계",
      "PROD_SPCQ_MO_1": "10년 또는 12년 장기납입 설계",
      "CTGR_CD": "01",
      "SCR_EPOS_RANK": "91",
      "PROD_LNK_CD": "OF_PD_NL_00",
      "CORP_TP_CD": "3",
      "CTGR_NM": "연금보험",
      "PAGE": 1,
      "PROD_KND": "INS02",
      "PROD_CD": "119801105",
      "Z_CREATED_DATE": 1767163352000,
      "RNUM": 1,
      "AMT_VIEW_YN": "Y",
      "CHANNEL": "1001",
      "SALE_START_DATE": "20260101",
  ...
2026-03-27 17:18:46,384 - INFO - 🔍 관심 API 발견: GET https://www.kblife.co.kr/api/insuranceplan/insuranceplan-code/tooltip-messages
2026-03-27 17:18:46,385 - INFO - 📋 API 응답 데이터: {
  "result": [
    {
      "id": "4",
      "entityVersion": 0,
      "productCode": "025250",
      "productDefinitionCode": "PD00000367"
    },
    {
      "id": "1",
      "entityVersion": 0,
      "productCode": "025230",
      "productDefinitionCode": "PD00000023"
    },
    {
      "id": "2",
      "entityVersion": 0,
      "productCode": "024610",
      "productDefinitionCode": "PD00000367"
    },
    {
      "id": "5",
      "entityVersion": 0,
      "productCode": "025610",
      "prod...
2026-03-27 17:18:46,480 - INFO - 🔍 관심 API 발견: GET https://www.kblife.co.kr/api/insuranceplan/product-mappings/337600104?corpTypeCode=3&
2026-03-27 17:18:46,481 - INFO - 🔍 관심 API 발견: POST https://www.kblife.co.kr/online-insurance/API/getOnNotice.do
2026-03-27 17:18:46,702 - INFO - 🔍 관심 API 발견: GET https://www.kblife.co.kr/api/insuranceplan/insuranceplan-option/337600104?genderCode=2&isVariable=false&isAnnuity=false&riskGrdCd=3&insuranceAge=0&channel=1004&
2026-03-27 17:18:46,703 - INFO - 📋 API 응답 데이터: [
  {
    "id": null,
    "entityVersion": 0,
    "code": "TIP_ANNT_PAY_MTHD",
    "groupCode": "PD_TLTP",
    "codeName": "연금지급방법",
    "order": null,
    "attribute01": "종신연금형 : 피보험자의 사망시까지 평생동안 연금을 지급 받는 형태",
    "attribute02": null,
    "useYn": "Y"
  },
  {
    "id": null,
    "entityVersion": 0,
    "code": "TIP_ANNT_PAY_CYCL",
    "groupCode": "PD_TLTP",
    "codeName": "연금지급주기",
    "order": null,
    "attribute01": "연금을 수령 받으실 주기입니다.",
    "attribute02": null,
    "useYn": "Y"
  },
  {
...
2026-03-27 17:18:46,705 - INFO - 📋 API 응답 데이터: []...
2026-03-27 17:18:46,730 - INFO - 📋 API 응답 데이터: [
  {
    "id": "500017414",
    "entityVersion": 1,
    "mainProductCode": "337600104",
    "subProductCode": "337600104",
    "subProductName": "KB 딱좋은 e-건강보험 무배당(갱신형)(일반심사형)(해약환급금 미지급형)",
    "registrationId": "L124083",
    "registrationDatetime": 1764662206000,
    "changeId": null,
    "chageDatetime": null
  }
]...
2026-03-27 17:18:51,373 - INFO - 🔍 관심 API 발견: POST https://analytics.google.com/g/collect?v=2&tid=G-9XMYJ3XQF2&gtm=45je63p1v888558539za200zd888558539&_p=1774599526335&gcd=13l3l3l3l1l1&npa=0&dma=0&cid=399020213.1774599526&ul=ko-kr&sr=1920x1080&uaa=x86&uab=64&uafvl=Chromium%3B145.0.7632.6%7CNot%253AA-Brand%3B99.0.0.0&uamb=0&uam=&uap=Windows&uapv=10.0&uaw=0&are=1&frm=0&pscdl=noapi&_eu=AAAAAGQ&_s=2&tag_exp=0~115616985~115938465~115938469~117484252~117884344&dp=%EB%8C%80%EA%B3%A0%EA%B0%9DPC%3E%EC%98%A8%EB%9D%BC%EC%9D%B8%EB%B3%B4%ED%97%98%3E%EB%B3%B4%ED%97%98%EC%83%81%EC%84%B8%3EKB%20%EB%94%B1%EC%A2%8B%EC%9D%80%20e-%EA%B1%B4%EA%B0%95%EB%B3%B4%ED%97%98%20%EB%AC%B4%EB%B0%B0%EB%8B%B9(%EA%B0%B1%EC%8B%A0%ED%98%95)(%EC%9D%BC%EB%B0%98%EC%8B%AC%EC%82%AC%ED%98%95)(%ED%95%B4%EC%95%BD%ED%99%98%EA%B8%89%EA%B8%88%20%EB%AF%B8%EC%A7%80%EA%B8%89%ED%98%95)%20%3E%20%EC%98%A8%EB%9D%BC%EC%9D%B8%EB%B3%B4%ED%97%98%20%7C%20KB%EB%9D%BC%EC%9D%B4%ED%94%84%20%EC%83%9D%EB%AA%85&sid=1774599526&sct=1&seg=0&dl=https%3A%2F%2Fwww.kblife.co.kr%2Finsurance-product%2FproductDetails.do%3FlinkCd%3DON_PD_YG_01%26productType%3D5&dt=KB%20%EB%94%B1%EC%A2%8B%EC%9D%80%20e-%EA%B1%B4%EA%B0%95%EB%B3%B4%ED%97%98%20%EB%AC%B4%EB%B0%B0%EB%8B%B9(%EA%B0%B1%EC%8B%A0%ED%98%95)(%EC%9D%BC%EB%B0%98%EC%8B%AC%EC%82%AC%ED%98%95)(%ED%95%B4%EC%95%BD%ED%99%98%EA%B8%89%EA%B8%88%20%EB%AF%B8%EC%A7%80%EA%B8%89%ED%98%95)%20%3E%20%EC%98%A8%EB%9D%BC%EC%9D%B8%EB%B3%B4%ED%97%98%20%7C%20KB%EB%9D%BC%EC%9D%B4%ED%94%84%20%EC%83%9D%EB%AA%85&tfd=7367
2026-03-27 17:18:51,376 - INFO - 🔍 관심 API 발견: POST https://www.google-analytics.com/g/collect?v=2&tid=G-T0WVH888J3&gtm=45je63p1v888558539za200zd888558539&_p=1774599526335&gcd=13l3l3l3l1l1&npa=0&dma=0&cid=399020213.1774599526&ul=ko-kr&sr=1920x1080&uaa=x86&uab=64&uafvl=Chromium%3B145.0.7632.6%7CNot%253AA-Brand%3B99.0.0.0&uamb=0&uam=&uap=Windows&uapv=10.0&uaw=0&are=1&frm=0&pscdl=noapi&_eu=AAAAAAQ&_s=2&tag_exp=0~115616985~115938465~115938469~117484252~117884344&dp=%EB%8C%80%EA%B3%A0%EA%B0%9DPC%3E%EC%98%A8%EB%9D%BC%EC%9D%B8%EB%B3%B4%ED%97%98%3E%EB%B3%B4%ED%97%98%EC%83%81%EC%84%B8%3EKB%20%EB%94%B1%EC%A2%8B%EC%9D%80%20e-%EA%B1%B4%EA%B0%95%EB%B3%B4%ED%97%98%20%EB%AC%B4%EB%B0%B0%EB%8B%B9(%EA%B0%B1%EC%8B%A0%ED%98%95)(%EC%9D%BC%EB%B0%98%EC%8B%AC%EC%82%AC%ED%98%95)(%ED%95%B4%EC%95%BD%ED%99%98%EA%B8%89%EA%B8%88%20%EB%AF%B8%EC%A7%80%EA%B8%89%ED%98%95)%20%3E%20%EC%98%A8%EB%9D%BC%EC%9D%B8%EB%B3%B4%ED%97%98%20%7C%20KB%EB%9D%BC%EC%9D%B4%ED%94%84%20%EC%83%9D%EB%AA%85&sid=1774599526&sct=1&seg=0&dl=https%3A%2F%2Fwww.kblife.co.kr%2Finsurance-product%2FproductDetails.do%3FlinkCd%3DON_PD_YG_01%26productType%3D5&dt=KB%20%EB%94%B1%EC%A2%8B%EC%9D%80%20e-%EA%B1%B4%EA%B0%95%EB%B3%B4%ED%97%98%20%EB%AC%B4%EB%B0%B0%EB%8B%B9(%EA%B0%B1%EC%8B%A0%ED%98%95)(%EC%9D%BC%EB%B0%98%EC%8B%AC%EC%82%AC%ED%98%95)(%ED%95%B4%EC%95%BD%ED%99%98%EA%B8%89%EA%B8%88%20%EB%AF%B8%EC%A7%80%EA%B8%89%ED%98%95)%20%3E%20%EC%98%A8%EB%9D%BC%EC%9D%B8%EB%B3%B4%ED%97%98%20%7C%20KB%EB%9D%BC%EC%9D%B4%ED%94%84%20%EC%83%9D%EB%AA%85&tfd=7369
2026-03-27 17:18:55,527 - INFO - 📋 API 응답 데이터: {
  "id": "7164186b-a2bf-4aae-8976-f31b1d6bc765",
  "entityVersion": 0,
  "products": [
    {
      "gsBhir": "KB 딱좋은 e-건강보험 무배당(갱신형)(일반심사형)(해약환급금 미지급형)",
      "gsSpSpcd1": "337600104",
      "gsCdgiga": "5000000",
      "gsCsgiga": "1000000",
      "gsBhggidw": "100000",
      "gsGgcode": "21",
      "prodCrncCd": "410",
      "insrnCalMethdCd": "1",
      "pdiProdTpCd": null,
      "radProdTyCd": "LIFE",
      "joinPsblGndrCd": null,
      "prodFaceamntUnitAmnt": "100000",
      "waiverRiderY...
2026-03-27 17:18:55,528 - INFO - 🔍 관심 API 발견: POST https://www.kblife.co.kr/api/application/psco/ess-step-info
2026-03-27 17:18:55,619 - INFO - 🔍 관심 API 발견: POST https://www.kblife.co.kr/api/application/appl/putDgtlCnttInfo.do
2026-03-27 17:18:55,620 - INFO - 📋 API 응답 데이터: {
  "data": {
    "prodCd": "337600104",
    "cntrSeqId": "ST202603271718730125",
    "resultCnt": 1,
    "prodNm": "KB 딱좋은 e-건강보험 무배당(갱신형)(일반심사형)(해약환급금 미지급형)"
  },
  "responseText": "청약여정ID 정보 등록 성공 | CNT : 1",
  "responseCode": "0"
}...
2026-03-27 17:18:55,840 - INFO - 📋 API 응답 데이터: true...
2026-03-27 17:19:01,346 - INFO - 🔍 상호작용 요소 탐지 중...
2026-03-27 17:19:01,387 - INFO - ✅ 요소 발견: BUTTON - 예상보험료 계산하기
2026-03-27 17:19:01,395 - INFO - ✅ 요소 발견: BUTTON - 보험료 재계산하기
2026-03-27 17:19:01,403 - INFO - ✅ 요소 발견: BUTTON - 다시 계산하기
2026-03-27 17:19:01,413 - INFO - ✅ 요소 발견: BUTTON - 다시 계산하기
2026-03-27 17:19:01,431 - INFO - ✅ 요소 발견: BUTTON - 가입하기
2026-03-27 17:19:01,440 - INFO - ✅ 요소 발견: BUTTON - 바로 가입하기
2026-03-27 17:19:01,448 - INFO - ✅ 요소 발견: BUTTON - 보험가입하기
2026-03-27 17:19:01,456 - INFO - ✅ 요소 발견: BUTTON - 보험가입하기
2026-03-27 17:19:01,464 - INFO - ✅ 요소 발견: BUTTON - 보험가입하기
2026-03-27 17:19:01,478 - INFO - ✅ 요소 발견: BUTTON - 상담신청
2026-03-27 17:19:01,487 - INFO - ✅ 요소 발견: BUTTON - 상담 신청하기
2026-03-27 17:19:01,521 - INFO - ✅ 요소 발견: INPUT - 
2026-03-27 17:19:01,528 - INFO - ✅ 요소 발견: INPUT - 
2026-03-27 17:19:01,536 - INFO - ✅ 요소 발견: INPUT - 
2026-03-27 17:19:01,544 - INFO - ✅ 요소 발견: INPUT - 
2026-03-27 17:19:01,552 - INFO - ✅ 요소 발견: INPUT - 
2026-03-27 17:19:01,560 - INFO - ✅ 요소 발견: INPUT - 
2026-03-27 17:19:01,568 - INFO - ✅ 요소 발견: INPUT - 
2026-03-27 17:19:01,576 - INFO - ✅ 요소 발견: INPUT - 
2026-03-27 17:19:01,583 - INFO - ✅ 요소 발견: INPUT - 
2026-03-27 17:19:01,591 - INFO - ✅ 요소 발견: INPUT - 
2026-03-27 17:19:01,599 - INFO - ✅ 요소 발견: INPUT - 
2026-03-27 17:19:01,607 - INFO - ✅ 요소 발견: INPUT - 
2026-03-27 17:19:01,615 - INFO - ✅ 요소 발견: INPUT - 
2026-03-27 17:19:01,623 - INFO - ✅ 요소 발견: INPUT - 
2026-03-27 17:19:01,631 - INFO - ✅ 요소 발견: INPUT - 
2026-03-27 17:19:01,638 - INFO - ✅ 요소 발견: INPUT - 
2026-03-27 17:19:01,646 - INFO - ✅ 요소 발견: INPUT - 
2026-03-27 17:19:01,655 - INFO - ✅ 요소 발견: INPUT - 
2026-03-27 17:19:01,663 - INFO - ✅ 요소 발견: INPUT - 
2026-03-27 17:19:01,671 - INFO - ✅ 요소 발견: INPUT - 
2026-03-27 17:19:01,679 - INFO - ✅ 요소 발견: INPUT - 
2026-03-27 17:19:01,688 - INFO - ✅ 요소 발견: INPUT - 
2026-03-27 17:19:01,695 - INFO - ✅ 요소 발견: INPUT - 
2026-03-27 17:19:01,703 - INFO - ✅ 요소 발견: INPUT - 
2026-03-27 17:19:01,711 - INFO - ✅ 요소 발견: INPUT - 
2026-03-27 17:19:01,720 - INFO - ✅ 요소 발견: INPUT - 
2026-03-27 17:19:01,728 - INFO - ✅ 요소 발견: INPUT - 
2026-03-27 17:19:01,735 - INFO - ✅ 요소 발견: INPUT - 
2026-03-27 17:19:01,744 - INFO - ✅ 요소 발견: INPUT - 
2026-03-27 17:19:01,753 - INFO - ✅ 요소 발견: INPUT - 
2026-03-27 17:19:01,761 - INFO - ✅ 요소 발견: INPUT - 
2026-03-27 17:19:01,769 - INFO - ✅ 요소 발견: INPUT - 
2026-03-27 17:19:01,777 - INFO - ✅ 요소 발견: INPUT - 
2026-03-27 17:19:01,785 - INFO - ✅ 요소 발견: INPUT - 
2026-03-27 17:19:01,792 - INFO - ✅ 요소 발견: INPUT - 
2026-03-27 17:19:01,800 - INFO - ✅ 요소 발견: INPUT - 
2026-03-27 17:19:01,808 - INFO - ✅ 요소 발견: INPUT - 
2026-03-27 17:19:01,816 - INFO - ✅ 요소 발견: INPUT - 
2026-03-27 17:19:01,824 - INFO - ✅ 요소 발견: INPUT - 
2026-03-27 17:19:01,831 - INFO - ✅ 요소 발견: INPUT - 
2026-03-27 17:19:01,839 - INFO - ✅ 요소 발견: INPUT - 
2026-03-27 17:19:01,848 - INFO - ✅ 요소 발견: INPUT - 
2026-03-27 17:19:01,856 - INFO - ✅ 요소 발견: INPUT - 
2026-03-27 17:19:01,866 - INFO - ✅ 요소 발견: INPUT - 
2026-03-27 17:19:01,875 - INFO - ✅ 요소 발견: INPUT - 
2026-03-27 17:19:01,884 - INFO - ✅ 요소 발견: INPUT - 
2026-03-27 17:19:01,893 - INFO - ✅ 요소 발견: INPUT - 
2026-03-27 17:19:01,902 - INFO - ✅ 요소 발견: INPUT - 
2026-03-27 17:19:01,911 - INFO - ✅ 요소 발견: INPUT - 
2026-03-27 17:19:01,919 - INFO - ✅ 요소 발견: INPUT - 
2026-03-27 17:19:01,956 - INFO - ✅ 요소 발견: A - 셀프 연금계산기
2026-03-27 17:19:01,964 - INFO - ✅ 요소 발견: A - 셀프 연금계산기
2026-03-27 17:19:01,973 - INFO - ✅ 요소 발견: A - 보험료계산
2026-03-27 17:19:01,981 - INFO - ✅ 요소 발견: A - 보험료계산
2026-03-27 17:19:02,001 - INFO - ✅ 요소 발견: DIV - 바로 가입하기
                        상담 신청하기
          
2026-03-27 17:19:02,010 - INFO - ✅ 요소 발견: DIV - 바로 가입하기
                        상담 신청하기
          
2026-03-27 17:19:02,019 - INFO - ✅ 요소 발견: BUTTON - 다시 계산하기
2026-03-27 17:19:02,027 - INFO - ✅ 요소 발견: BUTTON - 다시 계산하기
2026-03-27 17:19:02,034 - INFO - ✅ 요소 발견: SECTION - 
2026-03-27 17:19:02,068 - INFO - ✅ 요소 발견: SECTION - 
2026-03-27 17:19:02,089 - INFO - ✅ 요소 발견: BUTTON - 예상보험료 계산하기
2026-03-27 17:19:02,096 - INFO - ✅ 요소 발견: LI - 보험료계산
2026-03-27 17:19:02,103 - INFO - ✅ 요소 발견: LI - 보험료계산
2026-03-27 17:19:02,122 - INFO - ✅ 요소 발견: DIV - 보험료 계산 결과
                                
       
2026-03-27 17:19:02,130 - INFO - ✅ 요소 발견: DIV - 
2026-03-27 17:19:02,146 - INFO - ✅ 요소 발견: SECTION - 
2026-03-27 17:19:02,153 - INFO - ✅ 요소 발견: DIV - 
2026-03-27 17:19:02,153 - INFO - 📋 총 78개 상호작용 요소 발견
2026-03-27 17:19:02,154 - INFO - 🤖 상호작용 시도 시작...
2026-03-27 17:19:02,154 - INFO - 👆 클릭 시도: 예상보험료 계산하기
2026-03-27 17:19:02,171 - INFO - 🔍 관심 API 발견: POST https://www.kblife.co.kr/online-insurance/API/getOnNotice.do
2026-03-27 17:19:02,464 - INFO - 📋 API 응답 데이터: []...
2026-03-27 17:19:05,474 - INFO - 🎯 클릭으로 새로운 API 발견! (1개)
2026-03-27 17:19:05,492 - INFO - 📝 새로운 폼 발견: 4개 입력 요소
2026-03-27 17:19:05,516 - INFO - 📝 새로운 폼 발견: 13개 입력 요소
2026-03-27 17:19:05,580 - INFO - 📝 새로운 폼 발견: 8개 입력 요소
2026-03-27 17:19:05,585 - INFO - 🎯 나이 입력 필드 발견! name: insureAge
2026-03-27 17:19:05,639 - INFO - 📝 새로운 폼 발견: 3개 입력 요소
2026-03-27 17:19:05,660 - INFO - 📝 새로운 폼 발견: 2개 입력 요소
2026-03-27 17:19:05,675 - INFO - 📝 새로운 폼 발견: 2개 입력 요소
2026-03-27 17:19:05,693 - INFO - 📝 새로운 폼 발견: 15개 입력 요소
2026-03-27 17:19:05,774 - INFO - 📝 새로운 폼 발견: 1개 입력 요소
2026-03-27 17:19:05,785 - INFO - 📝 새로운 폼 발견: 9개 입력 요소
2026-03-27 17:19:05,838 - INFO - 📝 새로운 폼 발견: 6개 입력 요소
2026-03-27 17:19:05,873 - INFO - 📝 새로운 폼 발견: 2개 입력 요소
2026-03-27 17:19:05,890 - INFO - 📝 새로운 폼 발견: 2개 입력 요소
2026-03-27 17:19:05,907 - INFO - 📝 새로운 폼 발견: 2개 입력 요소
2026-03-27 17:19:05,923 - INFO - 📝 새로운 폼 발견: 2개 입력 요소
2026-03-27 17:19:05,936 - INFO - 📝 새로운 폼 발견: 2개 입력 요소
2026-03-27 17:19:05,949 - INFO - 📝 새로운 폼 발견: 2개 입력 요소
2026-03-27 17:19:05,962 - INFO - 📝 새로운 폼 발견: 2개 입력 요소
2026-03-27 17:19:05,975 - INFO - 📝 새로운 폼 발견: 3개 입력 요소
2026-03-27 17:19:05,992 - INFO - 📝 새로운 폼 발견: 3개 입력 요소
2026-03-27 17:19:06,010 - INFO - 📝 새로운 폼 발견: 3개 입력 요소
2026-03-27 17:19:06,027 - INFO - 📝 새로운 폼 발견: 2개 입력 요소
2026-03-27 17:19:06,040 - INFO - 📝 새로운 폼 발견: 2개 입력 요소
2026-03-27 17:19:06,053 - INFO - 📝 새로운 폼 발견: 2개 입력 요소
2026-03-27 17:19:06,065 - INFO - 📝 새로운 폼 발견: 3개 입력 요소
2026-03-27 17:19:06,083 - INFO - 📝 새로운 폼 발견: 2개 입력 요소
2026-03-27 17:19:06,096 - INFO - 📝 새로운 폼 발견: 6개 입력 요소
2026-03-27 17:19:06,126 - INFO - 📝 새로운 폼 발견: 2개 입력 요소
2026-03-27 17:19:06,139 - INFO - 📝 새로운 폼 발견: 2개 입력 요소
2026-03-27 17:19:06,152 - INFO - 📝 새로운 폼 발견: 2개 입력 요소
2026-03-27 17:19:06,164 - INFO - 📝 새로운 폼 발견: 1개 입력 요소
2026-03-27 17:19:06,175 - INFO - 📝 새로운 폼 발견: 3개 입력 요소
2026-03-27 17:19:06,193 - INFO - 📝 새로운 폼 발견: 3개 입력 요소
2026-03-27 17:19:06,211 - INFO - 📝 새로운 폼 발견: 3개 입력 요소
2026-03-27 17:19:06,229 - INFO - 📝 새로운 폼 발견: 3개 입력 요소
2026-03-27 17:19:06,246 - INFO - 📝 새로운 폼 발견: 3개 입력 요소
2026-03-27 17:19:06,263 - INFO - 📝 새로운 폼 발견: 1개 입력 요소
2026-03-27 17:19:06,271 - INFO - 📝 새로운 폼 발견: 2개 입력 요소
2026-03-27 17:19:06,288 - INFO - 📝 새로운 폼 발견: 4개 입력 요소
2026-03-27 17:19:06,311 - INFO - 📝 새로운 폼 발견: 4개 입력 요소
2026-03-27 17:19:06,332 - INFO - 📝 새로운 폼 발견: 1개 입력 요소
2026-03-27 17:19:06,341 - INFO - 📝 새로운 폼 발견: 2개 입력 요소
2026-03-27 17:19:06,354 - INFO - 📝 새로운 폼 발견: 1개 입력 요소
2026-03-27 17:19:06,362 - INFO - 📝 새로운 폼 발견: 2개 입력 요소
2026-03-27 17:19:06,375 - INFO - 📝 새로운 폼 발견: 5개 입력 요소
2026-03-27 17:19:06,401 - INFO - 📝 새로운 폼 발견: 3개 입력 요소
2026-03-27 17:19:06,417 - INFO - 📝 새로운 폼 발견: 3개 입력 요소
2026-03-27 17:19:06,434 - INFO - 📝 새로운 폼 발견: 3개 입력 요소
2026-03-27 17:19:06,452 - INFO - 📝 새로운 폼 발견: 5개 입력 요소
2026-03-27 17:19:06,479 - INFO - 📝 새로운 폼 발견: 5개 입력 요소
2026-03-27 17:19:06,506 - INFO - 📝 새로운 폼 발견: 2개 입력 요소
2026-03-27 17:19:06,518 - INFO - 📝 새로운 폼 발견: 2개 입력 요소
2026-03-27 17:19:06,531 - INFO - 📝 새로운 폼 발견: 5개 입력 요소
2026-03-27 17:19:06,557 - INFO - 📝 새로운 폼 발견: 1개 입력 요소
2026-03-27 17:19:06,566 - INFO - 📝 새로운 폼 발견: 3개 입력 요소
2026-03-27 17:19:06,583 - INFO - 📝 새로운 폼 발견: 1개 입력 요소
2026-03-27 17:19:06,591 - INFO - 📝 새로운 폼 발견: 1개 입력 요소
2026-03-27 17:19:06,599 - INFO - 📝 새로운 폼 발견: 1개 입력 요소
2026-03-27 17:19:06,607 - INFO - 📝 새로운 폼 발견: 2개 입력 요소
2026-03-27 17:19:06,719 - INFO - 📝 새로운 폼 발견: 3개 입력 요소
2026-03-27 17:19:06,740 - INFO - 📝 새로운 폼 발견: 3개 입력 요소
2026-03-27 17:19:06,768 - INFO - 📝 새로운 폼 발견: 2개 입력 요소
2026-03-27 17:19:06,782 - INFO - 📝 새로운 폼 발견: 2개 입력 요소
2026-03-27 17:19:06,796 - INFO - 📝 새로운 폼 발견: 2개 입력 요소
2026-03-27 17:19:06,814 - INFO - 📝 새로운 폼 발견: 1개 입력 요소
2026-03-27 17:19:06,825 - INFO - 📝 새로운 폼 발견: 2개 입력 요소
2026-03-27 17:19:06,838 - INFO - 📝 새로운 폼 발견: 2개 입력 요소
2026-03-27 17:19:06,858 - INFO - 📝 새로운 폼 발견: 1개 입력 요소
2026-03-27 17:19:06,873 - INFO - 📝 새로운 폼 발견: 15개 입력 요소
2026-03-27 17:19:06,940 - INFO - 📝 새로운 폼 발견: 15개 입력 요소
2026-03-27 17:19:07,015 - INFO - 📝 새로운 폼 발견: 13개 입력 요소
2026-03-27 17:19:07,074 - INFO - 📝 새로운 폼 발견: 1개 입력 요소
2026-03-27 17:19:07,084 - INFO - 📝 새로운 폼 발견: 1개 입력 요소
2026-03-27 17:19:07,097 - INFO - 📝 새로운 폼 발견: 9개 입력 요소
2026-03-27 17:19:07,139 - INFO - 📝 새로운 폼 발견: 9개 입력 요소
2026-03-27 17:19:07,186 - INFO - 📝 새로운 폼 발견: 6개 입력 요소
2026-03-27 17:19:07,217 - INFO - 📝 새로운 폼 발견: 2개 입력 요소
2026-03-27 17:19:07,236 - INFO - 📝 새로운 폼 발견: 6개 입력 요소
2026-03-27 17:19:07,267 - INFO - 📝 새로운 폼 발견: 6개 입력 요소
2026-03-27 17:19:07,302 - INFO - 📝 새로운 폼 발견: 4개 입력 요소
2026-03-27 17:19:07,322 - INFO - 📝 새로운 폼 발견: 1개 입력 요소
2026-03-27 17:19:07,332 - INFO - 📝 새로운 폼 발견: 2개 입력 요소
2026-03-27 17:19:07,345 - INFO - 📝 새로운 폼 발견: 2개 입력 요소
2026-03-27 17:19:07,367 - INFO - 📝 새로운 폼 발견: 1개 입력 요소
2026-03-27 17:19:07,379 - INFO - 📝 새로운 폼 발견: 2개 입력 요소
2026-03-27 17:19:07,392 - INFO - 📝 새로운 폼 발견: 2개 입력 요소
2026-03-27 17:19:07,414 - INFO - 📝 새로운 폼 발견: 1개 입력 요소
2026-03-27 17:19:07,427 - INFO - 📝 새로운 폼 발견: 2개 입력 요소
2026-03-27 17:19:07,440 - INFO - 📝 새로운 폼 발견: 2개 입력 요소
2026-03-27 17:19:07,454 - INFO - 🔍 관심 API 발견: POST https://analytics.google.com/g/collect?v=2&tid=G-9XMYJ3XQF2&gtm=45je63p1v888558539za200zd888558539&_p=1774599526335&gcd=13l3l3l3l1l1&npa=0&dma=0&cid=399020213.1774599526&ul=ko-kr&sr=1920x1080&uaa=x86&uab=64&uafvl=Chromium%3B145.0.7632.6%7CNot%253AA-Brand%3B99.0.0.0&uamb=0&uam=&uap=Windows&uapv=10.0&uaw=0&are=1&frm=0&pscdl=noapi&_eu=AAAAAGQ&tag_exp=0~115616985~115938465~115938469~117484252~117884344&dp=%EB%8C%80%EA%B3%A0%EA%B0%9DPC%3E%EC%98%A8%EB%9D%BC%EC%9D%B8%EB%B3%B4%ED%97%98%3E%EB%B3%B4%ED%97%98%EC%83%81%EC%84%B8%3EKB%20%EB%94%B1%EC%A2%8B%EC%9D%80%20e-%EA%B1%B4%EA%B0%95%EB%B3%B4%ED%97%98%20%EB%AC%B4%EB%B0%B0%EB%8B%B9(%EA%B0%B1%EC%8B%A0%ED%98%95)(%EC%9D%BC%EB%B0%98%EC%8B%AC%EC%82%AC%ED%98%95)(%ED%95%B4%EC%95%BD%ED%99%98%EA%B8%89%EA%B8%88%20%EB%AF%B8%EC%A7%80%EA%B8%89%ED%98%95)%20%3E%20%EC%98%A8%EB%9D%BC%EC%9D%B8%EB%B3%B4%ED%97%98%20%7C%20KB%EB%9D%BC%EC%9D%B4%ED%94%84%20%EC%83%9D%EB%AA%85&sid=1774599526&sct=1&seg=1&dl=https%3A%2F%2Fwww.kblife.co.kr%2Finsurance-product%2FproductDetails.do%3FlinkCd%3DON_PD_YG_01%26productType%3D5&dt=KB%20%EB%94%B1%EC%A2%8B%EC%9D%80%20e-%EA%B1%B4%EA%B0%95%EB%B3%B4%ED%97%98%20%EB%AC%B4%EB%B0%B0%EB%8B%B9(%EA%B0%B1%EC%8B%A0%ED%98%95)(%EC%9D%BC%EB%B0%98%EC%8B%AC%EC%82%AC%ED%98%95)(%ED%95%B4%EC%95%BD%ED%99%98%EA%B8%89%EA%B8%88%20%EB%AF%B8%EC%A7%80%EA%B8%89%ED%98%95)%20%3E%20%EC%98%A8%EB%9D%BC%EC%9D%B8%EB%B3%B4%ED%97%98%20%7C%20KB%EB%9D%BC%EC%9D%B4%ED%94%84%20%EC%83%9D%EB%AA%85&_s=3&tfd=23452
2026-03-27 17:19:07,457 - INFO - 🔍 관심 API 발견: POST https://www.google-analytics.com/g/collect?v=2&tid=G-T0WVH888J3&gtm=45je63p1v888558539za200zd888558539&_p=1774599526335&gcd=13l3l3l3l1l1&npa=0&dma=0&cid=399020213.1774599526&ul=ko-kr&sr=1920x1080&uaa=x86&uab=64&uafvl=Chromium%3B145.0.7632.6%7CNot%253AA-Brand%3B99.0.0.0&uamb=0&uam=&uap=Windows&uapv=10.0&uaw=0&are=1&frm=0&pscdl=noapi&_eu=AAAAAAQ&tag_exp=0~115616985~115938465~115938469~117484252~117884344&dp=%EB%8C%80%EA%B3%A0%EA%B0%9DPC%3E%EC%98%A8%EB%9D%BC%EC%9D%B8%EB%B3%B4%ED%97%98%3E%EB%B3%B4%ED%97%98%EC%83%81%EC%84%B8%3EKB%20%EB%94%B1%EC%A2%8B%EC%9D%80%20e-%EA%B1%B4%EA%B0%95%EB%B3%B4%ED%97%98%20%EB%AC%B4%EB%B0%B0%EB%8B%B9(%EA%B0%B1%EC%8B%A0%ED%98%95)(%EC%9D%BC%EB%B0%98%EC%8B%AC%EC%82%AC%ED%98%95)(%ED%95%B4%EC%95%BD%ED%99%98%EA%B8%89%EA%B8%88%20%EB%AF%B8%EC%A7%80%EA%B8%89%ED%98%95)%20%3E%20%EC%98%A8%EB%9D%BC%EC%9D%B8%EB%B3%B4%ED%97%98%20%7C%20KB%EB%9D%BC%EC%9D%B4%ED%94%84%20%EC%83%9D%EB%AA%85&sid=1774599526&sct=1&seg=1&dl=https%3A%2F%2Fwww.kblife.co.kr%2Finsurance-product%2FproductDetails.do%3FlinkCd%3DON_PD_YG_01%26productType%3D5&dt=KB%20%EB%94%B1%EC%A2%8B%EC%9D%80%20e-%EA%B1%B4%EA%B0%95%EB%B3%B4%ED%97%98%20%EB%AC%B4%EB%B0%B0%EB%8B%B9(%EA%B0%B1%EC%8B%A0%ED%98%95)(%EC%9D%BC%EB%B0%98%EC%8B%AC%EC%82%AC%ED%98%95)(%ED%95%B4%EC%95%BD%ED%99%98%EA%B8%89%EA%B8%88%20%EB%AF%B8%EC%A7%80%EA%B8%89%ED%98%95)%20%3E%20%EC%98%A8%EB%9D%BC%EC%9D%B8%EB%B3%B4%ED%97%98%20%7C%20KB%EB%9D%BC%EC%9D%B4%ED%94%84%20%EC%83%9D%EB%AA%85&_s=3&tfd=23455
2026-03-27 17:19:07,466 - INFO - 📝 새로운 폼 발견: 1개 입력 요소
2026-03-27 17:19:07,480 - INFO - 📝 새로운 폼 발견: 2개 입력 요소
2026-03-27 17:19:07,492 - INFO - 📝 새로운 폼 발견: 2개 입력 요소
2026-03-27 17:19:07,516 - INFO - 📝 새로운 폼 발견: 1개 입력 요소
2026-03-27 17:19:07,530 - INFO - 📝 새로운 폼 발견: 2개 입력 요소
2026-03-27 17:19:07,544 - INFO - 📝 새로운 폼 발견: 2개 입력 요소
2026-03-27 17:19:07,565 - INFO - 📝 새로운 폼 발견: 1개 입력 요소
2026-03-27 17:19:07,578 - INFO - 📝 새로운 폼 발견: 2개 입력 요소
2026-03-27 17:19:07,591 - INFO - 📝 새로운 폼 발견: 2개 입력 요소
2026-03-27 17:19:07,613 - INFO - 📝 새로운 폼 발견: 1개 입력 요소
2026-03-27 17:19:07,625 - INFO - 📝 새로운 폼 발견: 2개 입력 요소
2026-03-27 17:19:07,637 - INFO - 📝 새로운 폼 발견: 2개 입력 요소
2026-03-27 17:19:07,658 - INFO - 📝 새로운 폼 발견: 1개 입력 요소
2026-03-27 17:19:07,668 - INFO - 📝 새로운 폼 발견: 3개 입력 요소
2026-03-27 17:19:07,684 - INFO - 📝 새로운 폼 발견: 3개 입력 요소
2026-03-27 17:19:07,705 - INFO - 📝 새로운 폼 발견: 2개 입력 요소
2026-03-27 17:19:07,719 - INFO - 📝 새로운 폼 발견: 2개 입력 요소
2026-03-27 17:19:07,735 - INFO - 📝 새로운 폼 발견: 3개 입력 요소
2026-03-27 17:19:07,751 - INFO - 📝 새로운 폼 발견: 3개 입력 요소
2026-03-27 17:19:07,771 - INFO - 📝 새로운 폼 발견: 2개 입력 요소
2026-03-27 17:19:07,785 - INFO - 📝 새로운 폼 발견: 2개 입력 요소
2026-03-27 17:19:07,801 - INFO - 📝 새로운 폼 발견: 3개 입력 요소
2026-03-27 17:19:07,819 - INFO - 📝 새로운 폼 발견: 3개 입력 요소
2026-03-27 17:19:07,840 - INFO - 📝 새로운 폼 발견: 2개 입력 요소
2026-03-27 17:19:07,855 - INFO - 📝 새로운 폼 발견: 2개 입력 요소
2026-03-27 17:19:07,872 - INFO - 📝 새로운 폼 발견: 2개 입력 요소
2026-03-27 17:19:07,885 - INFO - 📝 새로운 폼 발견: 2개 입력 요소
2026-03-27 17:19:07,907 - INFO - 📝 새로운 폼 발견: 1개 입력 요소
2026-03-27 17:19:07,919 - INFO - 📝 새로운 폼 발견: 2개 입력 요소
2026-03-27 17:19:07,932 - INFO - 📝 새로운 폼 발견: 2개 입력 요소
2026-03-27 17:19:07,953 - INFO - 📝 새로운 폼 발견: 1개 입력 요소
2026-03-27 17:19:07,966 - INFO - 📝 새로운 폼 발견: 2개 입력 요소
2026-03-27 17:19:07,977 - INFO - 📝 새로운 폼 발견: 2개 입력 요소
2026-03-27 17:19:07,997 - INFO - 📝 새로운 폼 발견: 1개 입력 요소
2026-03-27 17:19:08,010 - INFO - 📝 새로운 폼 발견: 3개 입력 요소
2026-03-27 17:19:08,027 - INFO - 📝 새로운 폼 발견: 3개 입력 요소
2026-03-27 17:19:08,051 - INFO - 📝 새로운 폼 발견: 2개 입력 요소
2026-03-27 17:19:08,066 - INFO - 📝 새로운 폼 발견: 2개 입력 요소
2026-03-27 17:19:08,078 - INFO - 📝 새로운 폼 발견: 2개 입력 요소
2026-03-27 17:19:08,105 - INFO - 📝 새로운 폼 발견: 1개 입력 요소
2026-03-27 17:19:08,118 - INFO - 📝 새로운 폼 발견: 6개 입력 요소
2026-03-27 17:19:08,147 - INFO - 📝 새로운 폼 발견: 6개 입력 요소
2026-03-27 17:19:08,188 - INFO - 📝 새로운 폼 발견: 3개 입력 요소
2026-03-27 17:19:08,206 - INFO - 📝 새로운 폼 발견: 2개 입력 요소
2026-03-27 17:19:08,221 - INFO - 📝 새로운 폼 발견: 2개 입력 요소
2026-03-27 17:19:08,233 - INFO - 📝 새로운 폼 발견: 2개 입력 요소
2026-03-27 17:19:08,250 - INFO - 📝 새로운 폼 발견: 1개 입력 요소
2026-03-27 17:19:08,260 - INFO - 📝 새로운 폼 발견: 2개 입력 요소
2026-03-27 17:19:08,273 - INFO - 📝 새로운 폼 발견: 2개 입력 요소
2026-03-27 17:19:08,290 - INFO - 📝 새로운 폼 발견: 1개 입력 요소
2026-03-27 17:19:08,301 - INFO - 📝 새로운 폼 발견: 2개 입력 요소
2026-03-27 17:19:08,314 - INFO - 📝 새로운 폼 발견: 2개 입력 요소
2026-03-27 17:19:08,335 - INFO - 📝 새로운 폼 발견: 1개 입력 요소
2026-03-27 17:19:08,347 - INFO - 📝 새로운 폼 발견: 1개 입력 요소
2026-03-27 17:19:08,355 - INFO - 📝 새로운 폼 발견: 1개 입력 요소
2026-03-27 17:19:08,370 - INFO - 📝 새로운 폼 발견: 1개 입력 요소
2026-03-27 17:19:08,379 - INFO - 📝 새로운 폼 발견: 3개 입력 요소
2026-03-27 17:19:08,397 - INFO - 📝 새로운 폼 발견: 3개 입력 요소
2026-03-27 17:19:08,418 - INFO - 📝 새로운 폼 발견: 2개 입력 요소
2026-03-27 17:19:08,429 - INFO - 📝 새로운 폼 발견: 1개 입력 요소
2026-03-27 17:19:08,440 - INFO - 📝 새로운 폼 발견: 3개 입력 요소
2026-03-27 17:19:08,458 - INFO - 📝 새로운 폼 발견: 3개 입력 요소
2026-03-27 17:19:08,483 - INFO - 📝 새로운 폼 발견: 2개 입력 요소
2026-03-27 17:19:08,503 - INFO - 📝 새로운 폼 발견: 3개 입력 요소
2026-03-27 17:19:08,519 - INFO - 📝 새로운 폼 발견: 3개 입력 요소
2026-03-27 17:19:08,542 - INFO - 📝 새로운 폼 발견: 2개 입력 요소
2026-03-27 17:19:08,562 - INFO - 📝 새로운 폼 발견: 3개 입력 요소
2026-03-27 17:19:08,580 - INFO - 📝 새로운 폼 발견: 3개 입력 요소
2026-03-27 17:19:08,602 - INFO - 📝 새로운 폼 발견: 2개 입력 요소
2026-03-27 17:19:08,622 - INFO - 📝 새로운 폼 발견: 3개 입력 요소
2026-03-27 17:19:08,639 - INFO - 📝 새로운 폼 발견: 3개 입력 요소
2026-03-27 17:19:08,661 - INFO - 📝 새로운 폼 발견: 2개 입력 요소
2026-03-27 17:19:08,681 - INFO - 📝 새로운 폼 발견: 1개 입력 요소
2026-03-27 17:19:08,688 - INFO - 📝 새로운 폼 발견: 1개 입력 요소
2026-03-27 17:19:08,704 - INFO - 📝 새로운 폼 발견: 1개 입력 요소
2026-03-27 17:19:08,718 - INFO - 📝 새로운 폼 발견: 2개 입력 요소
2026-03-27 17:19:08,733 - INFO - 📝 새로운 폼 발견: 2개 입력 요소
2026-03-27 17:19:08,755 - INFO - 📝 새로운 폼 발견: 2개 입력 요소
2026-03-27 17:19:08,776 - INFO - 📝 새로운 폼 발견: 4개 입력 요소
2026-03-27 17:19:08,801 - INFO - 📝 새로운 폼 발견: 4개 입력 요소
2026-03-27 17:19:08,830 - INFO - 📝 새로운 폼 발견: 2개 입력 요소
2026-03-27 17:19:08,848 - INFO - 📝 새로운 폼 발견: 1개 입력 요소
2026-03-27 17:19:08,861 - INFO - 📝 새로운 폼 발견: 4개 입력 요소
2026-03-27 17:19:08,889 - INFO - 📝 새로운 폼 발견: 4개 입력 요소
2026-03-27 17:19:08,936 - INFO - 📝 새로운 폼 발견: 2개 입력 요소
2026-03-27 17:19:08,962 - INFO - 📝 새로운 폼 발견: 1개 입력 요소
2026-03-27 17:19:08,981 - INFO - 📝 새로운 폼 발견: 1개 입력 요소
2026-03-27 17:19:08,993 - INFO - 📝 새로운 폼 발견: 1개 입력 요소
2026-03-27 17:19:09,020 - INFO - 📝 새로운 폼 발견: 2개 입력 요소
2026-03-27 17:19:09,038 - INFO - 📝 새로운 폼 발견: 2개 입력 요소
2026-03-27 17:19:09,064 - INFO - 📝 새로운 폼 발견: 1개 입력 요소
2026-03-27 17:19:09,085 - INFO - 📝 새로운 폼 발견: 1개 입력 요소
2026-03-27 17:19:09,094 - INFO - 📝 새로운 폼 발견: 1개 입력 요소
2026-03-27 17:19:09,117 - INFO - 📝 새로운 폼 발견: 2개 입력 요소
2026-03-27 17:19:09,133 - INFO - 📝 새로운 폼 발견: 2개 입력 요소
2026-03-27 17:19:09,157 - INFO - 📝 새로운 폼 발견: 1개 입력 요소
2026-03-27 17:19:09,171 - INFO - 📝 새로운 폼 발견: 5개 입력 요소
2026-03-27 17:19:09,203 - INFO - 📝 새로운 폼 발견: 5개 입력 요소
2026-03-27 17:19:09,236 - INFO - 📝 새로운 폼 발견: 2개 입력 요소
2026-03-27 17:19:09,250 - INFO - 📝 새로운 폼 발견: 1개 입력 요소
2026-03-27 17:19:09,258 - INFO - 📝 새로운 폼 발견: 1개 입력 요소
2026-03-27 17:19:09,269 - INFO - 📝 새로운 폼 발견: 2개 입력 요소
2026-03-27 17:19:09,284 - INFO - 📝 새로운 폼 발견: 2개 입력 요소
2026-03-27 17:19:09,302 - INFO - 📝 새로운 폼 발견: 3개 입력 요소
2026-03-27 17:19:09,320 - INFO - 📝 새로운 폼 발견: 3개 입력 요소
2026-03-27 17:19:09,342 - INFO - 📝 새로운 폼 발견: 1개 입력 요소
2026-03-27 17:19:09,354 - INFO - 📝 새로운 폼 발견: 1개 입력 요소
2026-03-27 17:19:09,365 - INFO - 📝 새로운 폼 발견: 3개 입력 요소
2026-03-27 17:19:09,383 - INFO - 📝 새로운 폼 발견: 3개 입력 요소
2026-03-27 17:19:09,404 - INFO - 📝 새로운 폼 발견: 1개 입력 요소
2026-03-27 17:19:09,415 - INFO - 📝 새로운 폼 발견: 1개 입력 요소
2026-03-27 17:19:09,427 - INFO - 📝 새로운 폼 발견: 3개 입력 요소
2026-03-27 17:19:09,454 - INFO - 📝 새로운 폼 발견: 3개 입력 요소
2026-03-27 17:19:09,476 - INFO - 📝 새로운 폼 발견: 1개 입력 요소
2026-03-27 17:19:09,487 - INFO - 📝 새로운 폼 발견: 1개 입력 요소
2026-03-27 17:19:09,498 - INFO - 📝 새로운 폼 발견: 5개 입력 요소
2026-03-27 17:19:09,525 - INFO - 📝 새로운 폼 발견: 5개 입력 요소
2026-03-27 17:19:09,559 - INFO - 📝 새로운 폼 발견: 3개 입력 요소
2026-03-27 17:19:09,579 - INFO - 📝 새로운 폼 발견: 1개 입력 요소
2026-03-27 17:19:09,592 - INFO - 📝 새로운 폼 발견: 5개 입력 요소
2026-03-27 17:19:09,618 - INFO - 📝 새로운 폼 발견: 5개 입력 요소
2026-03-27 17:19:09,649 - INFO - 📝 새로운 폼 발견: 3개 입력 요소
2026-03-27 17:19:09,668 - INFO - 📝 새로운 폼 발견: 1개 입력 요소
2026-03-27 17:19:09,679 - INFO - 📝 새로운 폼 발견: 2개 입력 요소
2026-03-27 17:19:09,692 - INFO - 📝 새로운 폼 발견: 2개 입력 요소
2026-03-27 17:19:09,712 - INFO - 📝 새로운 폼 발견: 1개 입력 요소
2026-03-27 17:19:09,725 - INFO - 📝 새로운 폼 발견: 2개 입력 요소
2026-03-27 17:19:09,738 - INFO - 📝 새로운 폼 발견: 2개 입력 요소
2026-03-27 17:19:09,757 - INFO - 📝 새로운 폼 발견: 1개 입력 요소
2026-03-27 17:19:09,771 - INFO - 📝 새로운 폼 발견: 5개 입력 요소
2026-03-27 17:19:09,797 - INFO - 📝 새로운 폼 발견: 5개 입력 요소
2026-03-27 17:19:09,829 - INFO - 📝 새로운 폼 발견: 3개 입력 요소
2026-03-27 17:19:09,847 - INFO - 📝 새로운 폼 발견: 1개 입력 요소
2026-03-27 17:19:09,857 - INFO - 📝 새로운 폼 발견: 1개 입력 요소
2026-03-27 17:19:09,868 - INFO - 📝 새로운 폼 발견: 3개 입력 요소
2026-03-27 17:19:09,884 - INFO - 📝 새로운 폼 발견: 3개 입력 요소
2026-03-27 17:19:09,908 - INFO - 📝 새로운 폼 발견: 2개 입력 요소
2026-03-27 17:19:09,925 - INFO - 📝 새로운 폼 발견: 1개 입력 요소
2026-03-27 17:19:09,932 - INFO - 📝 새로운 폼 발견: 1개 입력 요소
2026-03-27 17:19:09,939 - INFO - 📝 새로운 폼 발견: 1개 입력 요소
2026-03-27 17:19:09,956 - INFO - 📝 새로운 폼 발견: 1개 입력 요소
2026-03-27 17:19:09,963 - INFO - 📝 새로운 폼 발견: 1개 입력 요소
2026-03-27 17:19:09,978 - INFO - 📝 새로운 폼 발견: 1개 입력 요소
2026-03-27 17:19:09,985 - INFO - 📝 새로운 폼 발견: 1개 입력 요소
2026-03-27 17:19:10,007 - INFO - 📝 새로운 폼 발견: 2개 입력 요소
2026-03-27 17:19:10,018 - INFO - 📝 새로운 폼 발견: 2개 입력 요소
2026-03-27 17:19:10,037 - INFO - 📝 새로운 폼 발견: 1개 입력 요소
2026-03-27 17:19:10,056 - INFO - 📝 새로운 폼 발견: 2개 입력 요소
2026-03-27 17:19:10,068 - INFO - 📝 새로운 폼 발견: 3개 입력 요소
2026-03-27 17:19:10,085 - INFO - 📝 새로운 폼 발견: 3개 입력 요소
2026-03-27 17:19:10,103 - INFO - 📝 새로운 폼 발견: 3개 입력 요소
2026-03-27 17:19:10,119 - INFO - 📝 새로운 폼 발견: 2개 입력 요소
2026-03-27 17:19:10,131 - INFO - 📝 새로운 폼 발견: 2개 입력 요소
2026-03-27 17:19:10,143 - INFO - 📝 새로운 폼 발견: 2개 입력 요소
2026-03-27 17:19:10,156 - INFO - 📝 새로운 폼 발견: 2개 입력 요소
2026-03-27 17:19:10,173 - INFO - 📝 새로운 폼 발견: 1개 입력 요소
2026-03-27 17:19:10,183 - INFO - 👆 클릭 시도: 보험료 재계산하기
2026-03-27 17:19:40,188 - INFO - 👆 클릭 시도: 다시 계산하기
2026-03-27 17:20:10,195 - INFO - 👆 클릭 시도: 다시 계산하기
2026-03-27 17:20:40,224 - INFO - 👆 클릭 시도: 가입하기
2026-03-27 17:21:13,251 - INFO - 🔍 상호작용 요소 탐지 중...
2026-03-27 17:21:13,279 - INFO - ✅ 요소 발견: BUTTON - 예상보험료 계산하기
2026-03-27 17:21:13,290 - INFO - ✅ 요소 발견: BUTTON - 보험료 재계산하기
2026-03-27 17:21:13,299 - INFO - ✅ 요소 발견: BUTTON - 다시 계산하기
2026-03-27 17:21:13,310 - INFO - ✅ 요소 발견: BUTTON - 다시 계산하기
2026-03-27 17:21:13,334 - INFO - ✅ 요소 발견: BUTTON - 가입하기
2026-03-27 17:21:13,344 - INFO - ✅ 요소 발견: BUTTON - 바로 가입하기
2026-03-27 17:21:13,355 - INFO - ✅ 요소 발견: BUTTON - 보험가입하기
2026-03-27 17:21:13,364 - INFO - ✅ 요소 발견: BUTTON - 보험가입하기
2026-03-27 17:21:13,374 - INFO - ✅ 요소 발견: BUTTON - 보험가입하기
2026-03-27 17:21:13,393 - INFO - ✅ 요소 발견: BUTTON - 상담신청
2026-03-27 17:21:13,403 - INFO - ✅ 요소 발견: BUTTON - 상담 신청하기
2026-03-27 17:21:13,466 - INFO - ✅ 요소 발견: INPUT - 
2026-03-27 17:21:13,476 - INFO - ✅ 요소 발견: INPUT - 
2026-03-27 17:21:13,485 - INFO - ✅ 요소 발견: INPUT - 
2026-03-27 17:21:13,493 - INFO - ✅ 요소 발견: INPUT - 
2026-03-27 17:21:13,502 - INFO - ✅ 요소 발견: INPUT - 
2026-03-27 17:21:13,511 - INFO - ✅ 요소 발견: INPUT - 
2026-03-27 17:21:13,520 - INFO - ✅ 요소 발견: INPUT - 
2026-03-27 17:21:13,529 - INFO - ✅ 요소 발견: INPUT - 
2026-03-27 17:21:13,538 - INFO - ✅ 요소 발견: INPUT - 
2026-03-27 17:21:13,550 - INFO - ✅ 요소 발견: INPUT - 
2026-03-27 17:21:13,561 - INFO - ✅ 요소 발견: INPUT - 
2026-03-27 17:21:13,574 - INFO - ✅ 요소 발견: INPUT - 
2026-03-27 17:21:13,588 - INFO - ✅ 요소 발견: INPUT - 
2026-03-27 17:21:13,602 - INFO - ✅ 요소 발견: INPUT - 
2026-03-27 17:21:13,615 - INFO - ✅ 요소 발견: INPUT - 
2026-03-27 17:21:13,628 - INFO - ✅ 요소 발견: INPUT - 
2026-03-27 17:21:13,641 - INFO - ✅ 요소 발견: INPUT - 
2026-03-27 17:21:13,656 - INFO - ✅ 요소 발견: INPUT - 
2026-03-27 17:21:13,667 - INFO - ✅ 요소 발견: INPUT - 
2026-03-27 17:21:13,677 - INFO - ✅ 요소 발견: INPUT - 
2026-03-27 17:21:13,686 - INFO - ✅ 요소 발견: INPUT - 
2026-03-27 17:21:13,696 - INFO - ✅ 요소 발견: INPUT - 
2026-03-27 17:21:13,706 - INFO - ✅ 요소 발견: INPUT - 
2026-03-27 17:21:13,717 - INFO - ✅ 요소 발견: INPUT - 
2026-03-27 17:21:13,727 - INFO - ✅ 요소 발견: INPUT - 
2026-03-27 17:21:13,737 - INFO - ✅ 요소 발견: INPUT - 
2026-03-27 17:21:13,746 - INFO - ✅ 요소 발견: INPUT - 
2026-03-27 17:21:13,756 - INFO - ✅ 요소 발견: INPUT - 
2026-03-27 17:21:13,765 - INFO - ✅ 요소 발견: INPUT - 
2026-03-27 17:21:13,774 - INFO - ✅ 요소 발견: INPUT - 
2026-03-27 17:21:13,782 - INFO - ✅ 요소 발견: INPUT - 
2026-03-27 17:21:13,789 - INFO - ✅ 요소 발견: INPUT - 
2026-03-27 17:21:13,797 - INFO - ✅ 요소 발견: INPUT - 
2026-03-27 17:21:13,805 - INFO - ✅ 요소 발견: INPUT - 
2026-03-27 17:21:13,812 - INFO - ✅ 요소 발견: INPUT - 
2026-03-27 17:21:13,827 - INFO - ✅ 요소 발견: INPUT - 
2026-03-27 17:21:13,843 - INFO - ✅ 요소 발견: INPUT - 
2026-03-27 17:21:13,858 - INFO - ✅ 요소 발견: INPUT - 
2026-03-27 17:21:13,874 - INFO - ✅ 요소 발견: INPUT - 
2026-03-27 17:21:13,889 - INFO - ✅ 요소 발견: INPUT - 
2026-03-27 17:21:13,901 - INFO - ✅ 요소 발견: INPUT - 
2026-03-27 17:21:13,916 - INFO - ✅ 요소 발견: INPUT - 
2026-03-27 17:21:13,929 - INFO - ✅ 요소 발견: INPUT - 
2026-03-27 17:21:13,941 - INFO - ✅ 요소 발견: INPUT - 
2026-03-27 17:21:13,953 - INFO - ✅ 요소 발견: INPUT - 
2026-03-27 17:21:13,966 - INFO - ✅ 요소 발견: INPUT - 
2026-03-27 17:21:13,978 - INFO - ✅ 요소 발견: INPUT - 
2026-03-27 17:21:13,991 - INFO - ✅ 요소 발견: INPUT - 
2026-03-27 17:21:14,002 - INFO - ✅ 요소 발견: INPUT - 
2026-03-27 17:21:14,013 - INFO - ✅ 요소 발견: INPUT - 
2026-03-27 17:21:14,062 - INFO - ✅ 요소 발견: A - 셀프 연금계산기
2026-03-27 17:21:14,073 - INFO - ✅ 요소 발견: A - 셀프 연금계산기
2026-03-27 17:21:14,084 - INFO - ✅ 요소 발견: A - 보험료계산
2026-03-27 17:21:14,100 - INFO - ✅ 요소 발견: A - 보험료계산
2026-03-27 17:21:14,134 - INFO - ✅ 요소 발견: DIV - 바로 가입하기
                        상담 신청하기
          
2026-03-27 17:21:14,147 - INFO - ✅ 요소 발견: DIV - 바로 가입하기
                        상담 신청하기
          
2026-03-27 17:21:14,160 - INFO - ✅ 요소 발견: BUTTON - 다시 계산하기
2026-03-27 17:21:14,173 - INFO - ✅ 요소 발견: BUTTON - 다시 계산하기
2026-03-27 17:21:14,187 - INFO - ✅ 요소 발견: SECTION - 
2026-03-27 17:21:14,214 - INFO - ✅ 요소 발견: SECTION - 
2026-03-27 17:21:14,238 - INFO - ✅ 요소 발견: BUTTON - 예상보험료 계산하기
2026-03-27 17:21:14,247 - INFO - ✅ 요소 발견: LI - 보험료계산
2026-03-27 17:21:14,258 - INFO - ✅ 요소 발견: LI - 보험료계산
2026-03-27 17:21:14,283 - INFO - ✅ 요소 발견: DIV - 보험료 계산 결과
                                
       
2026-03-27 17:21:14,297 - INFO - ✅ 요소 발견: DIV - 
2026-03-27 17:21:14,319 - INFO - ✅ 요소 발견: SECTION - 
2026-03-27 17:21:14,328 - INFO - ✅ 요소 발견: DIV - 
2026-03-27 17:21:19,501 - INFO - 📊 분석 결과 저장: kb_api_analysis_20260327_172119.json
