2026-03-27 16:33:25,941 - INFO - 진행률: 1/5
2026-03-27 16:33:25,942 - INFO - 상세 정보 추출 시작: KB 착한암보험 무배당
2026-03-27 16:35:34,999 - INFO - 상세 정보 추출 완료: 음성 검색
2026-03-27 16:35:34,999 - INFO -   - 기본 보장: 0개
2026-03-27 16:35:35,000 - INFO -   - 특약: 0개
2026-03-27 16:35:35,000 - INFO -   - 보험료 정보: 0개 연령대
2026-03-27 16:35:35,000 - INFO -   - 면책사항: 0개
2026-03-27 16:35:38,007 - INFO - 진행률: 2/5
2026-03-27 16:35:38,008 - INFO - 상세 정보 추출 시작: KB 딱좋은 e-건강보험
2026-03-27 16:37:55,343 - INFO - 상세 정보 추출 완료: 음성 검색
2026-03-27 16:37:55,343 - INFO -   - 기본 보장: 0개
2026-03-27 16:37:55,343 - INFO -   - 특약: 0개
2026-03-27 16:37:55,343 - INFO -   - 보험료 정보: 0개 연령대
2026-03-27 16:37:55,343 - INFO -   - 면책사항: 0개
2026-03-27 16:37:58,348 - INFO - 진행률: 3/5
2026-03-27 16:37:58,348 - INFO - 상세 정보 추출 시작: KB 딱좋은 e-건강보험 간편형
2026-03-27 16:40:15,811 - INFO - 상세 정보 추출 완료: 음성 검색
2026-03-27 16:40:15,811 - INFO -   - 기본 보장: 0개
2026-03-27 16:40:15,811 - INFO -   - 특약: 0개
2026-03-27 16:40:15,811 - INFO -   - 보험료 정보: 0개 연령대
2026-03-27 16:40:15,811 - INFO -   - 면책사항: 0개
2026-03-27 16:40:18,823 - INFO - 진행률: 4/5
2026-03-27 16:40:18,824 - INFO - 상세 정보 추출 시작: KB 착한정기보험II
2026-03-27 16:42:28,097 - INFO - 상세 정보 추출 완료: 음성 검색
2026-03-27 16:42:28,098 - INFO -   - 기본 보장: 0개
2026-03-27 16:42:28,098 - INFO -   - 특약: 0개
2026-03-27 16:42:28,098 - INFO -   - 보험료 정보: 0개 연령대
2026-03-27 16:42:28,098 - INFO -   - 면책사항: 0개
2026-03-27 16:42:31,112 - INFO - 진행률: 5/5
2026-03-27 16:42:31,113 - INFO - 상세 정보 추출 시작: KB 하이파이브평생연금보험
2026-03-27 16:44:41,069 - INFO - 상세 정보 추출 완료: 음성 검색
2026-03-27 16:44:41,069 - INFO -   - 기본 보장: 0개
2026-03-27 16:44:41,069 - INFO -   - 특약: 0개
2026-03-27 16:44:41,069 - INFO -   - 보험료 정보: 0개 연령대
2026-03-27 16:44:41,070 - INFO -   - 면책사항: 0개
2026-03-27 16:44:41,282 - INFO - 상세 데이터 저장: kb_detailed_products_20260327_164441.json
2026-03-28 23:13:45,512 - INFO - 진행률: 1/5
2026-03-28 23:13:45,512 - INFO - 상세 정보 추출 시작: KB 착한암보험 무배당
2026-03-28 23:15:54,925 - INFO - 상세 정보 추출 완료: 음성 검색
2026-03-28 23:15:54,925 - INFO -   - 기본 보장: 0개
2026-03-28 23:15:54,926 - INFO -   - 특약: 0개
2026-03-28 23:15:54,926 - INFO -   - 보험료 정보: 0개 연령대
2026-03-28 23:15:54,926 - INFO -   - 면책사항: 0개
2026-03-28 23:15:57,932 - INFO - 진행률: 2/5
2026-03-28 23:15:57,935 - INFO - 상세 정보 추출 시작: KB 딱좋은 e-건강보험
2026-03-28 23:16:03,819 - INFO - 상세 정보 추출 완료: KB 딱좋은 e-건강보험
2026-03-28 23:16:03,820 - INFO -   - 기본 보장: 0개
2026-03-28 23:16:03,820 - INFO -   - 특약: 0개
2026-03-28 23:16:03,821 - INFO -   - 보험료 정보: 0개 연령대
2026-03-28 23:16:03,821 - INFO -   - 면책사항: 0개
2026-03-28 23:16:06,828 - INFO - 진행률: 3/5
2026-03-28 23:16:06,829 - INFO - 상세 정보 추출 시작: KB 딱좋은 e-건강보험 간편형
2026-03-28 23:16:12,743 - INFO - 상세 정보 추출 완료: KB 딱좋은 e-건강보험 간편형
2026-03-28 23:16:12,743 - INFO -   - 기본 보장: 0개
2026-03-28 23:16:12,743 - INFO -   - 특약: 0개
2026-03-28 23:16:12,743 - INFO -   - 보험료 정보: 0개 연령대
2026-03-28 23:16:12,743 - INFO -   - 면책사항: 0개
2026-03-28 23:16:15,759 - INFO - 진행률: 4/5
2026-03-28 23:16:15,760 - INFO - 상세 정보 추출 시작: KB 착한정기보험II
2026-03-28 23:16:21,623 - INFO - 상세 정보 추출 완료: KB 착한정기보험II
2026-03-28 23:16:21,624 - INFO -   - 기본 보장: 0개
2026-03-28 23:16:21,624 - INFO -   - 특약: 0개
2026-03-28 23:16:21,625 - INFO -   - 보험료 정보: 0개 연령대
2026-03-28 23:16:21,625 - INFO -   - 면책사항: 0개
2026-03-28 23:16:24,631 - INFO - 진행률: 5/5
2026-03-28 23:16:24,632 - INFO - 상세 정보 추출 시작: KB 하이파이브평생연금보험
2026-03-28 23:16:30,490 - INFO - 상세 정보 추출 완료: KB 하이파이브평생연금보험
2026-03-28 23:16:30,490 - INFO -   - 기본 보장: 0개
2026-03-28 23:16:30,490 - INFO -   - 특약: 0개
2026-03-28 23:16:30,490 - INFO -   - 보험료 정보: 0개 연령대
2026-03-28 23:16:30,490 - INFO -   - 면책사항: 0개
2026-03-28 23:16:30,667 - INFO - 상세 데이터 저장: kb_detailed_products_20260328_231630.json
