2026-03-27 16:25:23,285 - INFO - ====== WebDriver manager ======
2026-03-27 16:25:24,232 - INFO - Get LATEST chromedriver version for google-chrome
2026-03-27 16:25:24,471 - INFO - Get LATEST chromedriver version for google-chrome
2026-03-27 16:25:24,699 - INFO - There is no [win64] chromedriver "146.0.7680.165" for browser google-chrome "146.0.7680" in cache
2026-03-27 16:25:24,699 - INFO - Get LATEST chromedriver version for google-chrome
2026-03-27 16:25:25,251 - INFO - WebDriver version 146.0.7680.165 selected
2026-03-27 16:25:25,255 - INFO - Modern chrome version https://storage.googleapis.com/chrome-for-testing-public/146.0.7680.165/win32/chromedriver-win32.zip
2026-03-27 16:25:25,255 - INFO - About to download new driver from https://storage.googleapis.com/chrome-for-testing-public/146.0.7680.165/win32/chromedriver-win32.zip
2026-03-27 16:25:25,498 - INFO - Driver downloading response is 200
2026-03-27 16:25:25,765 - INFO - Get LATEST chromedriver version for google-chrome
2026-03-27 16:25:26,081 - INFO - Driver has been saved in cache [C:\Users\ds491\.wdm\drivers\chromedriver\win64\146.0.7680.165]
2026-03-27 16:25:29,876 - INFO - WebDriver 설정 완료
2026-03-27 16:25:29,876 - INFO - 진행률: 1/5 - 상품 처리 중...
2026-03-27 16:25:29,876 - INFO - 상품 정보 추출 시작: https://www.kblife.co.kr/insurance-product/productDetails.do?linkCd=ON_PD_KC_01&productType=5
2026-03-27 16:25:38,685 - WARNING - 나이 입력 필드를 찾을 수 없습니다: 19
2026-03-27 16:25:38,742 - WARNING - 나이 입력 필드를 찾을 수 없습니다: 25
2026-03-27 16:25:38,778 - WARNING - 나이 입력 필드를 찾을 수 없습니다: 30
2026-03-27 16:25:38,811 - WARNING - 나이 입력 필드를 찾을 수 없습니다: 35
2026-03-27 16:25:38,849 - WARNING - 나이 입력 필드를 찾을 수 없습니다: 40
2026-03-27 16:25:38,890 - WARNING - 나이 입력 필드를 찾을 수 없습니다: 45
2026-03-27 16:25:38,939 - WARNING - 나이 입력 필드를 찾을 수 없습니다: 50
2026-03-27 16:25:38,987 - WARNING - 나이 입력 필드를 찾을 수 없습니다: 55
2026-03-27 16:25:39,036 - WARNING - 나이 입력 필드를 찾을 수 없습니다: 60
2026-03-27 16:25:39,078 - WARNING - 나이 입력 필드를 찾을 수 없습니다: 65
2026-03-27 16:25:39,110 - INFO - 상품 정보 추출 완료: KB 착한암보험 무배당
2026-03-27 16:25:39,110 - INFO - 상품 추출 성공: KB 착한암보험 무배당
2026-03-27 16:25:42,110 - INFO - 진행률: 2/5 - 상품 처리 중...
2026-03-27 16:25:42,111 - INFO - 상품 정보 추출 시작: https://www.kblife.co.kr/insurance-product/productDetails.do?linkCd=ON_PD_YG_01&productType=5
2026-03-27 16:25:51,617 - WARNING - 나이 입력 필드를 찾을 수 없습니다: 19
2026-03-27 16:25:51,656 - WARNING - 나이 입력 필드를 찾을 수 없습니다: 25
2026-03-27 16:25:51,694 - WARNING - 나이 입력 필드를 찾을 수 없습니다: 30
2026-03-27 16:25:51,739 - WARNING - 나이 입력 필드를 찾을 수 없습니다: 35
2026-03-27 16:25:51,789 - WARNING - 나이 입력 필드를 찾을 수 없습니다: 40
2026-03-27 16:25:51,833 - WARNING - 나이 입력 필드를 찾을 수 없습니다: 45
2026-03-27 16:25:51,868 - WARNING - 나이 입력 필드를 찾을 수 없습니다: 50
2026-03-27 16:25:51,902 - WARNING - 나이 입력 필드를 찾을 수 없습니다: 55
2026-03-27 16:25:51,937 - WARNING - 나이 입력 필드를 찾을 수 없습니다: 60
2026-03-27 16:25:51,969 - WARNING - 나이 입력 필드를 찾을 수 없습니다: 65
2026-03-27 16:25:51,989 - INFO - 상품 정보 추출 완료: KB 딱좋은 e-건강보험 무배당
(갱신형)(일반심사형)
(해약환급금 미지급형)
2026-03-27 16:25:51,989 - INFO - 상품 추출 성공: KB 딱좋은 e-건강보험 무배당
(갱신형)(일반심사형)
(해약환급금 미지급형)
2026-03-27 16:25:54,989 - INFO - 진행률: 3/5 - 상품 처리 중...
2026-03-27 16:25:54,989 - INFO - 상품 정보 추출 시작: https://www.kblife.co.kr/insurance-product/productDetails.do?linkCd=ON_PD_YT_01&productType=5
2026-03-27 16:26:03,524 - WARNING - 나이 입력 필드를 찾을 수 없습니다: 19
2026-03-27 16:26:03,571 - WARNING - 나이 입력 필드를 찾을 수 없습니다: 25
2026-03-27 16:26:03,608 - WARNING - 나이 입력 필드를 찾을 수 없습니다: 30
2026-03-27 16:26:03,644 - WARNING - 나이 입력 필드를 찾을 수 없습니다: 35
2026-03-27 16:26:03,680 - WARNING - 나이 입력 필드를 찾을 수 없습니다: 40
2026-03-27 16:26:03,712 - WARNING - 나이 입력 필드를 찾을 수 없습니다: 45
2026-03-27 16:26:03,744 - WARNING - 나이 입력 필드를 찾을 수 없습니다: 50
2026-03-27 16:26:03,778 - WARNING - 나이 입력 필드를 찾을 수 없습니다: 55
2026-03-27 16:26:03,810 - WARNING - 나이 입력 필드를 찾을 수 없습니다: 60
2026-03-27 16:26:03,857 - WARNING - 나이 입력 필드를 찾을 수 없습니다: 65
2026-03-27 16:26:03,903 - INFO - 상품 정보 추출 완료: KB 딱좋은 e-건강보험 무배당(갱신형)(간편심사형(355))(해약환급금 미지급형)
2026-03-27 16:26:03,903 - INFO - 상품 추출 성공: KB 딱좋은 e-건강보험 무배당(갱신형)(간편심사형(355))(해약환급금 미지급형)
2026-03-27 16:26:06,904 - INFO - 진행률: 4/5 - 상품 처리 중...
2026-03-27 16:26:06,904 - INFO - 상품 정보 추출 시작: https://www.kblife.co.kr/insurance-product/productDetails.do?linkCd=ON_PD_SR_01&productType=5
2026-03-27 16:26:15,375 - WARNING - 나이 입력 필드를 찾을 수 없습니다: 19
2026-03-27 16:26:15,409 - WARNING - 나이 입력 필드를 찾을 수 없습니다: 25
2026-03-27 16:26:15,442 - WARNING - 나이 입력 필드를 찾을 수 없습니다: 30
2026-03-27 16:26:15,475 - WARNING - 나이 입력 필드를 찾을 수 없습니다: 35
2026-03-27 16:26:15,509 - WARNING - 나이 입력 필드를 찾을 수 없습니다: 40
2026-03-27 16:26:15,541 - WARNING - 나이 입력 필드를 찾을 수 없습니다: 45
2026-03-27 16:26:15,575 - WARNING - 나이 입력 필드를 찾을 수 없습니다: 50
2026-03-27 16:26:15,608 - WARNING - 나이 입력 필드를 찾을 수 없습니다: 55
2026-03-27 16:26:15,639 - WARNING - 나이 입력 필드를 찾을 수 없습니다: 60
2026-03-27 16:26:15,670 - WARNING - 나이 입력 필드를 찾을 수 없습니다: 65
2026-03-27 16:26:15,688 - INFO - 상품 정보 추출 완료: KB 착한정기보험II 무배당
2026-03-27 16:26:15,688 - INFO - 상품 추출 성공: KB 착한정기보험II 무배당
2026-03-27 16:26:18,689 - INFO - 진행률: 5/5 - 상품 처리 중...
2026-03-27 16:26:18,690 - INFO - 상품 정보 추출 시작: https://www.kblife.co.kr/insurance-product/productDetails.do?linkCd=ON_PD_NP_01&productType=5
2026-03-27 16:26:27,098 - WARNING - 나이 입력 필드를 찾을 수 없습니다: 19
2026-03-27 16:26:27,132 - WARNING - 나이 입력 필드를 찾을 수 없습니다: 25
2026-03-27 16:26:27,165 - WARNING - 나이 입력 필드를 찾을 수 없습니다: 30
2026-03-27 16:26:27,199 - WARNING - 나이 입력 필드를 찾을 수 없습니다: 35
2026-03-27 16:26:27,230 - WARNING - 나이 입력 필드를 찾을 수 없습니다: 40
2026-03-27 16:26:27,261 - WARNING - 나이 입력 필드를 찾을 수 없습니다: 45
2026-03-27 16:26:27,292 - WARNING - 나이 입력 필드를 찾을 수 없습니다: 50
2026-03-27 16:26:27,325 - WARNING - 나이 입력 필드를 찾을 수 없습니다: 55
2026-03-27 16:26:27,358 - WARNING - 나이 입력 필드를 찾을 수 없습니다: 60
2026-03-27 16:26:27,392 - WARNING - 나이 입력 필드를 찾을 수 없습니다: 65
2026-03-27 16:26:27,412 - INFO - 상품 정보 추출 완료: KB 하이파이브평생연금보험 무배당
2026-03-27 16:26:27,412 - INFO - 상품 추출 성공: KB 하이파이브평생연금보험 무배당
2026-03-27 16:26:29,592 - INFO - 총 5개 상품 정보 추출 완료
2026-03-27 16:26:29,595 - INFO - JSON 데이터 저장: kb_insurance_products_20260327_162629.json
2026-03-27 16:26:29,600 - INFO - CSV 데이터 저장: kb_insurance_products_20260327_162629.csv
