2026-03-27 16:31:16,470 - INFO - 진행률: 1/5 - 상품 처리 중...
2026-03-27 16:31:16,471 - INFO - 상품 정보 추출 시작: https://www.kblife.co.kr/insurance-product/productDetails.do?linkCd=ON_PD_KC_01&productType=5
2026-03-27 16:33:53,457 - WARNING - 나이 입력 필드를 찾을 수 없습니다: 19
2026-03-27 16:33:53,476 - WARNING - 나이 입력 필드를 찾을 수 없습니다: 25
2026-03-27 16:33:53,497 - WARNING - 나이 입력 필드를 찾을 수 없습니다: 30
2026-03-27 16:33:53,515 - WARNING - 나이 입력 필드를 찾을 수 없습니다: 35
2026-03-27 16:33:53,542 - WARNING - 나이 입력 필드를 찾을 수 없습니다: 40
2026-03-27 16:33:53,561 - WARNING - 나이 입력 필드를 찾을 수 없습니다: 45
2026-03-27 16:33:53,579 - WARNING - 나이 입력 필드를 찾을 수 없습니다: 50
2026-03-27 16:33:53,598 - WARNING - 나이 입력 필드를 찾을 수 없습니다: 55
2026-03-27 16:33:53,616 - WARNING - 나이 입력 필드를 찾을 수 없습니다: 60
2026-03-27 16:33:53,635 - WARNING - 나이 입력 필드를 찾을 수 없습니다: 65
2026-03-27 16:34:23,739 - INFO - 상품 정보 추출 완료: 음성 검색
2026-03-27 16:34:23,739 - INFO - 상품 추출 성공: 음성 검색
2026-03-27 16:34:26,746 - INFO - 진행률: 2/5 - 상품 처리 중...
2026-03-27 16:34:26,747 - INFO - 상품 정보 추출 시작: https://www.kblife.co.kr/insurance-product/productDetails.do?linkCd=ON_PD_YG_01&productType=5
2026-03-27 16:37:12,028 - WARNING - 나이 입력 필드를 찾을 수 없습니다: 19
2026-03-27 16:37:12,048 - WARNING - 나이 입력 필드를 찾을 수 없습니다: 25
2026-03-27 16:37:12,068 - WARNING - 나이 입력 필드를 찾을 수 없습니다: 30
2026-03-27 16:37:12,087 - WARNING - 나이 입력 필드를 찾을 수 없습니다: 35
2026-03-27 16:37:12,106 - WARNING - 나이 입력 필드를 찾을 수 없습니다: 40
2026-03-27 16:37:12,127 - WARNING - 나이 입력 필드를 찾을 수 없습니다: 45
2026-03-27 16:37:12,148 - WARNING - 나이 입력 필드를 찾을 수 없습니다: 50
2026-03-27 16:37:12,168 - WARNING - 나이 입력 필드를 찾을 수 없습니다: 55
2026-03-27 16:37:12,192 - WARNING - 나이 입력 필드를 찾을 수 없습니다: 60
2026-03-27 16:37:12,214 - WARNING - 나이 입력 필드를 찾을 수 없습니다: 65
2026-03-27 16:37:42,272 - INFO - 상품 정보 추출 완료: 음성 검색
2026-03-27 16:37:42,272 - INFO - 상품 추출 성공: 음성 검색
2026-03-27 16:37:45,298 - INFO - 진행률: 3/5 - 상품 처리 중...
2026-03-27 16:37:45,298 - INFO - 상품 정보 추출 시작: https://www.kblife.co.kr/insurance-product/productDetails.do?linkCd=ON_PD_YT_01&productType=5
2026-03-27 16:40:30,585 - WARNING - 나이 입력 필드를 찾을 수 없습니다: 19
2026-03-27 16:40:30,606 - WARNING - 나이 입력 필드를 찾을 수 없습니다: 25
2026-03-27 16:40:30,626 - WARNING - 나이 입력 필드를 찾을 수 없습니다: 30
2026-03-27 16:40:30,646 - WARNING - 나이 입력 필드를 찾을 수 없습니다: 35
2026-03-27 16:40:30,667 - WARNING - 나이 입력 필드를 찾을 수 없습니다: 40
2026-03-27 16:40:30,687 - WARNING - 나이 입력 필드를 찾을 수 없습니다: 45
2026-03-27 16:40:30,707 - WARNING - 나이 입력 필드를 찾을 수 없습니다: 50
2026-03-27 16:40:30,728 - WARNING - 나이 입력 필드를 찾을 수 없습니다: 55
2026-03-27 16:40:30,747 - WARNING - 나이 입력 필드를 찾을 수 없습니다: 60
2026-03-27 16:40:30,767 - WARNING - 나이 입력 필드를 찾을 수 없습니다: 65
2026-03-27 16:41:00,826 - INFO - 상품 정보 추출 완료: 음성 검색
2026-03-27 16:41:00,827 - INFO - 상품 추출 성공: 음성 검색
2026-03-27 16:41:03,831 - INFO - 진행률: 4/5 - 상품 처리 중...
2026-03-27 16:41:03,832 - INFO - 상품 정보 추출 시작: https://www.kblife.co.kr/insurance-product/productDetails.do?linkCd=ON_PD_SR_01&productType=5
2026-03-27 16:43:41,108 - WARNING - 나이 입력 필드를 찾을 수 없습니다: 19
2026-03-27 16:43:41,144 - WARNING - 나이 입력 필드를 찾을 수 없습니다: 25
2026-03-27 16:43:41,177 - WARNING - 나이 입력 필드를 찾을 수 없습니다: 30
2026-03-27 16:43:41,213 - WARNING - 나이 입력 필드를 찾을 수 없습니다: 35
2026-03-27 16:43:41,245 - WARNING - 나이 입력 필드를 찾을 수 없습니다: 40
2026-03-27 16:43:41,277 - WARNING - 나이 입력 필드를 찾을 수 없습니다: 45
2026-03-27 16:43:41,309 - WARNING - 나이 입력 필드를 찾을 수 없습니다: 50
2026-03-27 16:43:41,342 - WARNING - 나이 입력 필드를 찾을 수 없습니다: 55
2026-03-27 16:43:41,374 - WARNING - 나이 입력 필드를 찾을 수 없습니다: 60
2026-03-27 16:43:41,407 - WARNING - 나이 입력 필드를 찾을 수 없습니다: 65
2026-03-27 16:44:11,623 - INFO - 상품 정보 추출 완료: 음성 검색
2026-03-27 16:44:11,627 - INFO - 상품 추출 성공: 음성 검색
2026-03-27 16:44:14,631 - INFO - 진행률: 5/5 - 상품 처리 중...
2026-03-27 16:44:14,632 - INFO - 상품 정보 추출 시작: https://www.kblife.co.kr/insurance-product/productDetails.do?linkCd=ON_PD_NP_01&productType=5
2026-03-27 16:46:52,543 - WARNING - 나이 입력 필드를 찾을 수 없습니다: 19
2026-03-27 16:46:52,583 - WARNING - 나이 입력 필드를 찾을 수 없습니다: 25
2026-03-27 16:46:52,617 - WARNING - 나이 입력 필드를 찾을 수 없습니다: 30
2026-03-27 16:46:52,650 - WARNING - 나이 입력 필드를 찾을 수 없습니다: 35
2026-03-27 16:46:52,685 - WARNING - 나이 입력 필드를 찾을 수 없습니다: 40
2026-03-27 16:46:52,720 - WARNING - 나이 입력 필드를 찾을 수 없습니다: 45
2026-03-27 16:46:52,753 - WARNING - 나이 입력 필드를 찾을 수 없습니다: 50
2026-03-27 16:46:52,788 - WARNING - 나이 입력 필드를 찾을 수 없습니다: 55
2026-03-27 16:46:52,822 - WARNING - 나이 입력 필드를 찾을 수 없습니다: 60
2026-03-27 16:46:52,855 - WARNING - 나이 입력 필드를 찾을 수 없습니다: 65
2026-03-27 16:47:23,101 - INFO - 상품 정보 추출 완료: 음성 검색
2026-03-27 16:47:23,103 - INFO - 상품 추출 성공: 음성 검색
2026-03-27 16:47:23,309 - INFO - 총 5개 상품 정보 추출 완료
2026-03-27 16:47:23,311 - INFO - JSON 데이터 저장: kb_insurance_playwright_20260327_164723.json
2026-03-27 16:47:23,315 - INFO - CSV 데이터 저장: kb_insurance_playwright_20260327_164723.csv
